{"D:\\Files\\development\\twische\\web\\src\\hooks\\useNow.ts": {"path":"D:\\Files\\development\\twische\\web\\src\\hooks\\useNow.ts","all":false,"statementMap":{"0":{"start":{"line":1,"column":0},"end":{"line":1,"column":56}},"1":{"start":{"line":2,"column":0},"end":{"line":2,"column":54}},"9":{"start":{"line":10,"column":0},"end":{"line":10,"column":27}},"10":{"start":{"line":11,"column":0},"end":{"line":11,"column":23}},"11":{"start":{"line":12,"column":0},"end":{"line":12,"column":56}},"12":{"start":{"line":13,"column":0},"end":{"line":13,"column":20}},"14":{"start":{"line":15,"column":0},"end":{"line":15,"column":40}},"16":{"start":{"line":17,"column":0},"end":{"line":17,"column":23}},"17":{"start":{"line":18,"column":0},"end":{"line":18,"column":35}},"18":{"start":{"line":19,"column":0},"end":{"line":19,"column":1}},"20":{"start":{"line":21,"column":0},"end":{"line":21,"column":48}},"21":{"start":{"line":22,"column":0},"end":{"line":22,"column":20}},"22":{"start":{"line":23,"column":0},"end":{"line":23,"column":16}},"23":{"start":{"line":24,"column":0},"end":{"line":24,"column":25}},"24":{"start":{"line":25,"column":0},"end":{"line":25,"column":4}},"25":{"start":{"line":26,"column":0},"end":{"line":26,"column":1}},"27":{"start":{"line":28,"column":0},"end":{"line":28,"column":24}},"28":{"start":{"line":29,"column":0},"end":{"line":29,"column":20}},"30":{"start":{"line":31,"column":0},"end":{"line":31,"column":29}},"31":{"start":{"line":32,"column":0},"end":{"line":32,"column":27}},"32":{"start":{"line":33,"column":0},"end":{"line":33,"column":25}},"34":{"start":{"line":35,"column":0},"end":{"line":35,"column":31}},"35":{"start":{"line":36,"column":0},"end":{"line":36,"column":11}},"36":{"start":{"line":37,"column":0},"end":{"line":37,"column":13}},"37":{"start":{"line":38,"column":0},"end":{"line":38,"column":1}},"39":{"start":{"line":40,"column":0},"end":{"line":40,"column":23}},"40":{"start":{"line":41,"column":0},"end":{"line":41,"column":14}},"41":{"start":{"line":42,"column":0},"end":{"line":42,"column":25}},"42":{"start":{"line":43,"column":0},"end":{"line":43,"column":17}},"43":{"start":{"line":44,"column":0},"end":{"line":44,"column":3}},"44":{"start":{"line":45,"column":0},"end":{"line":45,"column":1}},"46":{"start":{"line":47,"column":0},"end":{"line":47,"column":62}},"47":{"start":{"line":48,"column":0},"end":{"line":48,"column":19}},"48":{"start":{"line":49,"column":0},"end":{"line":49,"column":21}},"49":{"start":{"line":50,"column":0},"end":{"line":50,"column":12}},"51":{"start":{"line":52,"column":0},"end":{"line":52,"column":27}},"52":{"start":{"line":53,"column":0},"end":{"line":53,"column":23}},"53":{"start":{"line":54,"column":0},"end":{"line":54,"column":11}},"54":{"start":{"line":55,"column":0},"end":{"line":55,"column":18}},"55":{"start":{"line":56,"column":0},"end":{"line":56,"column":23}},"56":{"start":{"line":57,"column":0},"end":{"line":57,"column":35}},"57":{"start":{"line":58,"column":0},"end":{"line":58,"column":6}},"58":{"start":{"line":59,"column":0},"end":{"line":59,"column":9}},"60":{"start":{"line":61,"column":0},"end":{"line":61,"column":59}},"61":{"start":{"line":62,"column":0},"end":{"line":62,"column":57}},"62":{"start":{"line":63,"column":0},"end":{"line":63,"column":34}},"63":{"start":{"line":64,"column":0},"end":{"line":64,"column":1}},"66":{"start":{"line":67,"column":0},"end":{"line":67,"column":42}},"67":{"start":{"line":68,"column":0},"end":{"line":68,"column":22}},"68":{"start":{"line":69,"column":0},"end":{"line":69,"column":1}}},"s":{"0":1,"1":1,"9":1,"10":1,"11":1,"12":1,"14":1,"16":7,"17":7,"18":7,"20":8,"21":8,"22":8,"23":8,"24":8,"25":8,"27":4,"28":4,"30":3,"31":3,"32":3,"34":3,"35":3,"36":3,"37":3,"39":3,"40":3,"41":3,"42":3,"43":3,"44":3,"46":1,"47":9,"48":4,"49":4,"51":4,"52":4,"53":4,"54":4,"55":4,"56":4,"57":4,"58":9,"60":9,"61":9,"62":9,"63":9,"66":1,"67":1,"68":1},"branchMap":{"0":{"type":"branch","line":17,"loc":{"start":{"line":17,"column":0},"end":{"line":19,"column":1}},"locations":[{"start":{"line":17,"column":0},"end":{"line":19,"column":1}}]},"1":{"type":"branch","line":18,"loc":{"start":{"line":18,"column":30},"end":{"line":18,"column":35}},"locations":[{"start":{"line":18,"column":30},"end":{"line":18,"column":35}}]},"2":{"type":"branch","line":21,"loc":{"start":{"line":21,"column":0},"end":{"line":26,"column":1}},"locations":[{"start":{"line":21,"column":0},"end":{"line":26,"column":1}}]},"3":{"type":"branch","line":23,"loc":{"start":{"line":23,"column":9},"end":{"line":25,"column":4}},"locations":[{"start":{"line":23,"column":9},"end":{"line":25,"column":4}}]},"4":{"type":"branch","line":28,"loc":{"start":{"line":28,"column":0},"end":{"line":38,"column":1}},"locations":[{"start":{"line":28,"column":0},"end":{"line":38,"column":1}}]},"5":{"type":"branch","line":29,"loc":{"start":{"line":29,"column":13},"end":{"line":29,"column":20}},"locations":[{"start":{"line":29,"column":13},"end":{"line":29,"column":20}}]},"6":{"type":"branch","line":29,"loc":{"start":{"line":29,"column":13},"end":{"line":38,"column":1}},"locations":[{"start":{"line":29,"column":13},"end":{"line":38,"column":1}}]},"7":{"type":"branch","line":31,"loc":{"start":{"line":31,"column":22},"end":{"line":37,"column":5}},"locations":[{"start":{"line":31,"column":22},"end":{"line":37,"column":5}}]},"8":{"type":"branch","line":35,"loc":{"start":{"line":35,"column":21},"end":{"line":35,"column":31}},"locations":[{"start":{"line":35,"column":21},"end":{"line":35,"column":31}}]},"9":{"type":"branch","line":40,"loc":{"start":{"line":40,"column":0},"end":{"line":45,"column":1}},"locations":[{"start":{"line":40,"column":0},"end":{"line":45,"column":1}}]},"10":{"type":"branch","line":47,"loc":{"start":{"line":47,"column":7},"end":{"line":64,"column":1}},"locations":[{"start":{"line":47,"column":7},"end":{"line":64,"column":1}}]},"11":{"type":"branch","line":48,"loc":{"start":{"line":48,"column":12},"end":{"line":59,"column":5}},"locations":[{"start":{"line":48,"column":12},"end":{"line":59,"column":5}}]},"12":{"type":"branch","line":55,"loc":{"start":{"line":55,"column":11},"end":{"line":58,"column":6}},"locations":[{"start":{"line":55,"column":11},"end":{"line":58,"column":6}}]},"13":{"type":"branch","line":57,"loc":{"start":{"line":57,"column":28},"end":{"line":57,"column":35}},"locations":[{"start":{"line":57,"column":28},"end":{"line":57,"column":35}}]},"14":{"type":"branch","line":61,"loc":{"start":{"line":61,"column":44},"end":{"line":61,"column":57}},"locations":[{"start":{"line":61,"column":44},"end":{"line":61,"column":57}}]},"15":{"type":"branch","line":62,"loc":{"start":{"line":62,"column":44},"end":{"line":62,"column":55}},"locations":[{"start":{"line":62,"column":44},"end":{"line":62,"column":55}}]},"16":{"type":"branch","line":67,"loc":{"start":{"line":67,"column":7},"end":{"line":69,"column":1}},"locations":[{"start":{"line":67,"column":7},"end":{"line":69,"column":1}}]}},"b":{"0":[7],"1":[8],"2":[8],"3":[8],"4":[4],"5":[1],"6":[3],"7":[3],"8":[1],"9":[3],"10":[9],"11":[4],"12":[4],"13":[3],"14":[31],"15":[31],"16":[1]},"fnMap":{"0":{"name":"emit","decl":{"start":{"line":17,"column":0},"end":{"line":19,"column":1}},"loc":{"start":{"line":17,"column":0},"end":{"line":19,"column":1}},"line":17},"1":{"name":"subscribe","decl":{"start":{"line":21,"column":0},"end":{"line":26,"column":1}},"loc":{"start":{"line":21,"column":0},"end":{"line":26,"column":1}},"line":21},"2":{"name":"start","decl":{"start":{"line":28,"column":0},"end":{"line":38,"column":1}},"loc":{"start":{"line":28,"column":0},"end":{"line":38,"column":1}},"line":28},"3":{"name":"stop","decl":{"start":{"line":40,"column":0},"end":{"line":45,"column":1}},"loc":{"start":{"line":40,"column":0},"end":{"line":45,"column":1}},"line":40},"4":{"name":"useNow","decl":{"start":{"line":47,"column":7},"end":{"line":64,"column":1}},"loc":{"start":{"line":47,"column":7},"end":{"line":64,"column":1}},"line":47},"5":{"name":"currentMinutes","decl":{"start":{"line":67,"column":7},"end":{"line":69,"column":1}},"loc":{"start":{"line":67,"column":7},"end":{"line":69,"column":1}},"line":67}},"f":{"0":7,"1":8,"2":4,"3":3,"4":9,"5":1}}
,"D:\\Files\\development\\twische\\web\\src\\hooks\\usePopover.ts": {"path":"D:\\Files\\development\\twische\\web\\src\\hooks\\usePopover.ts","all":false,"statementMap":{"9":{"start":{"line":10,"column":0},"end":{"line":10,"column":65}},"22":{"start":{"line":23,"column":0},"end":{"line":23,"column":58}},"23":{"start":{"line":24,"column":0},"end":{"line":24,"column":42}},"24":{"start":{"line":25,"column":0},"end":{"line":25,"column":65}},"25":{"start":{"line":26,"column":0},"end":{"line":26,"column":72}},"26":{"start":{"line":27,"column":0},"end":{"line":27,"column":54}},"27":{"start":{"line":28,"column":0},"end":{"line":28,"column":52}},"28":{"start":{"line":29,"column":0},"end":{"line":29,"column":32}},"30":{"start":{"line":31,"column":0},"end":{"line":31,"column":31}},"31":{"start":{"line":32,"column":0},"end":{"line":32,"column":43}},"33":{"start":{"line":34,"column":0},"end":{"line":34,"column":41}},"34":{"start":{"line":35,"column":0},"end":{"line":35,"column":33}},"35":{"start":{"line":36,"column":0},"end":{"line":36,"column":31}},"36":{"start":{"line":37,"column":0},"end":{"line":37,"column":19}},"38":{"start":{"line":39,"column":0},"end":{"line":39,"column":33}},"39":{"start":{"line":40,"column":0},"end":{"line":40,"column":34}},"42":{"start":{"line":43,"column":0},"end":{"line":43,"column":24}},"43":{"start":{"line":44,"column":0},"end":{"line":44,"column":28}},"44":{"start":{"line":45,"column":0},"end":{"line":45,"column":16}},"45":{"start":{"line":46,"column":0},"end":{"line":46,"column":21}},"46":{"start":{"line":47,"column":0},"end":{"line":47,"column":22}},"47":{"start":{"line":48,"column":0},"end":{"line":48,"column":59}},"48":{"start":{"line":49,"column":0},"end":{"line":49,"column":22}},"49":{"start":{"line":50,"column":0},"end":{"line":50,"column":9}},"50":{"start":{"line":51,"column":0},"end":{"line":51,"column":13}},"51":{"start":{"line":52,"column":0},"end":{"line":52,"column":5}},"53":{"start":{"line":54,"column":0},"end":{"line":54,"column":40}},"54":{"start":{"line":55,"column":0},"end":{"line":55,"column":54}},"55":{"start":{"line":56,"column":0},"end":{"line":56,"column":38}},"57":{"start":{"line":58,"column":0},"end":{"line":58,"column":60}},"58":{"start":{"line":59,"column":0},"end":{"line":59,"column":33}},"59":{"start":{"line":60,"column":0},"end":{"line":60,"column":35}},"61":{"start":{"line":62,"column":0},"end":{"line":62,"column":44}},"62":{"start":{"line":63,"column":0},"end":{"line":63,"column":28}},"63":{"start":{"line":64,"column":0},"end":{"line":64,"column":93}},"64":{"start":{"line":65,"column":0},"end":{"line":65,"column":12}},"65":{"start":{"line":66,"column":0},"end":{"line":66,"column":28}},"66":{"start":{"line":67,"column":0},"end":{"line":67,"column":57}},"67":{"start":{"line":68,"column":0},"end":{"line":68,"column":5}},"69":{"start":{"line":70,"column":0},"end":{"line":70,"column":37}},"71":{"start":{"line":72,"column":0},"end":{"line":72,"column":41}},"72":{"start":{"line":73,"column":0},"end":{"line":73,"column":33}},"73":{"start":{"line":74,"column":0},"end":{"line":74,"column":28}},"74":{"start":{"line":75,"column":0},"end":{"line":75,"column":19}},"75":{"start":{"line":76,"column":0},"end":{"line":76,"column":13}},"77":{"start":{"line":78,"column":0},"end":{"line":78,"column":9}},"79":{"start":{"line":80,"column":0},"end":{"line":80,"column":52}},"84":{"start":{"line":85,"column":0},"end":{"line":85,"column":87}},"85":{"start":{"line":86,"column":0},"end":{"line":86,"column":12}},"86":{"start":{"line":87,"column":0},"end":{"line":87,"column":3}},"88":{"start":{"line":89,"column":0},"end":{"line":89,"column":49}},"89":{"start":{"line":90,"column":0},"end":{"line":90,"column":35}},"91":{"start":{"line":92,"column":0},"end":{"line":92,"column":24}},"92":{"start":{"line":93,"column":0},"end":{"line":93,"column":12}},"93":{"start":{"line":94,"column":0},"end":{"line":94,"column":55}},"94":{"start":{"line":95,"column":0},"end":{"line":95,"column":3}},"96":{"start":{"line":97,"column":0},"end":{"line":97,"column":25}},"97":{"start":{"line":98,"column":0},"end":{"line":98,"column":69}},"98":{"start":{"line":99,"column":0},"end":{"line":99,"column":61}},"99":{"start":{"line":100,"column":0},"end":{"line":100,"column":45}},"101":{"start":{"line":102,"column":0},"end":{"line":102,"column":51}},"102":{"start":{"line":103,"column":0},"end":{"line":103,"column":3}},"104":{"start":{"line":105,"column":0},"end":{"line":105,"column":27}},"105":{"start":{"line":106,"column":0},"end":{"line":106,"column":72}},"106":{"start":{"line":107,"column":0},"end":{"line":107,"column":64}},"107":{"start":{"line":108,"column":0},"end":{"line":108,"column":48}},"108":{"start":{"line":109,"column":0},"end":{"line":109,"column":54}},"109":{"start":{"line":110,"column":0},"end":{"line":110,"column":3}},"111":{"start":{"line":112,"column":0},"end":{"line":112,"column":60}},"112":{"start":{"line":113,"column":0},"end":{"line":113,"column":32}},"113":{"start":{"line":114,"column":0},"end":{"line":114,"column":27}},"114":{"start":{"line":115,"column":0},"end":{"line":115,"column":18}},"115":{"start":{"line":116,"column":0},"end":{"line":116,"column":11}},"117":{"start":{"line":118,"column":0},"end":{"line":118,"column":55}},"118":{"start":{"line":119,"column":0},"end":{"line":119,"column":12}},"119":{"start":{"line":120,"column":0},"end":{"line":120,"column":55}},"120":{"start":{"line":121,"column":0},"end":{"line":121,"column":12}},"121":{"start":{"line":122,"column":0},"end":{"line":122,"column":101}},"123":{"start":{"line":124,"column":0},"end":{"line":124,"column":14}},"125":{"start":{"line":126,"column":0},"end":{"line":126,"column":42}},"126":{"start":{"line":127,"column":0},"end":{"line":127,"column":33}},"127":{"start":{"line":128,"column":0},"end":{"line":128,"column":26}},"128":{"start":{"line":129,"column":0},"end":{"line":129,"column":25}},"131":{"start":{"line":132,"column":0},"end":{"line":132,"column":30}},"133":{"start":{"line":134,"column":0},"end":{"line":134,"column":62}},"134":{"start":{"line":135,"column":0},"end":{"line":135,"column":28}},"135":{"start":{"line":136,"column":0},"end":{"line":136,"column":9}},"136":{"start":{"line":137,"column":0},"end":{"line":137,"column":60}},"137":{"start":{"line":138,"column":0},"end":{"line":138,"column":26}},"138":{"start":{"line":139,"column":0},"end":{"line":139,"column":9}},"140":{"start":{"line":141,"column":0},"end":{"line":141,"column":10}},"141":{"start":{"line":142,"column":0},"end":{"line":142,"column":9}},"142":{"start":{"line":143,"column":0},"end":{"line":143,"column":27}},"143":{"start":{"line":144,"column":0},"end":{"line":144,"column":23}},"144":{"start":{"line":145,"column":0},"end":{"line":145,"column":10}},"145":{"start":{"line":146,"column":0},"end":{"line":146,"column":14}},"146":{"start":{"line":147,"column":0},"end":{"line":147,"column":14}},"147":{"start":{"line":148,"column":0},"end":{"line":148,"column":10}},"148":{"start":{"line":149,"column":0},"end":{"line":149,"column":11}},"149":{"start":{"line":150,"column":0},"end":{"line":150,"column":10}},"150":{"start":{"line":151,"column":0},"end":{"line":151,"column":4}},"151":{"start":{"line":152,"column":0},"end":{"line":152,"column":1}}},"s":{"9":1,"22":1,"23":40,"24":40,"25":40,"26":40,"27":40,"28":40,"30":40,"31":40,"33":40,"34":28,"35":28,"36":28,"38":14,"39":14,"42":28,"43":1,"44":1,"45":1,"46":1,"47":1,"48":1,"49":1,"50":1,"51":1,"53":13,"54":28,"55":28,"57":28,"58":28,"59":28,"61":28,"62":11,"63":11,"64":28,"65":2,"66":2,"67":2,"69":40,"71":40,"72":4,"73":3,"74":3,"75":3,"77":40,"79":40,"84":3,"85":1,"86":3,"88":40,"89":2,"91":1,"92":1,"93":2,"94":2,"96":40,"97":13,"98":13,"99":13,"101":13,"102":13,"104":40,"105":17,"106":17,"107":17,"108":17,"109":17,"111":40,"112":14,"113":13,"114":13,"115":13,"117":13,"118":13,"119":13,"120":13,"121":14,"123":40,"125":40,"126":14,"127":13,"128":40,"131":40,"133":40,"134":80,"135":40,"136":40,"137":26,"138":40,"140":40,"141":40,"142":40,"143":40,"144":40,"145":40,"146":40,"147":40,"148":40,"149":40,"150":40,"151":40},"branchMap":{"0":{"type":"branch","line":23,"loc":{"start":{"line":23,"column":7},"end":{"line":152,"column":1}},"locations":[{"start":{"line":23,"column":7},"end":{"line":152,"column":1}}]},"1":{"type":"branch","line":34,"loc":{"start":{"line":34,"column":28},"end":{"line":70,"column":5}},"locations":[{"start":{"line":34,"column":28},"end":{"line":70,"column":5}}]},"2":{"type":"branch","line":37,"loc":{"start":{"line":37,"column":12},"end":{"line":43,"column":23}},"locations":[{"start":{"line":37,"column":12},"end":{"line":43,"column":23}}]},"3":{"type":"branch","line":43,"loc":{"start":{"line":43,"column":23},"end":{"line":52,"column":5}},"locations":[{"start":{"line":43,"column":23},"end":{"line":52,"column":5}}]},"4":{"type":"branch","line":52,"loc":{"start":{"line":52,"column":4},"end":{"line":55,"column":18}},"locations":[{"start":{"line":52,"column":4},"end":{"line":55,"column":18}}]},"5":{"type":"branch","line":55,"loc":{"start":{"line":55,"column":15},"end":{"line":55,"column":33}},"locations":[{"start":{"line":55,"column":15},"end":{"line":55,"column":33}}]},"6":{"type":"branch","line":55,"loc":{"start":{"line":55,"column":18},"end":{"line":55,"column":50}},"locations":[{"start":{"line":55,"column":18},"end":{"line":55,"column":50}}]},"7":{"type":"branch","line":55,"loc":{"start":{"line":55,"column":41},"end":{"line":55,"column":54}},"locations":[{"start":{"line":55,"column":41},"end":{"line":55,"column":54}}]},"8":{"type":"branch","line":56,"loc":{"start":{"line":56,"column":15},"end":{"line":56,"column":34}},"locations":[{"start":{"line":56,"column":15},"end":{"line":56,"column":34}}]},"9":{"type":"branch","line":56,"loc":{"start":{"line":56,"column":18},"end":{"line":56,"column":38}},"locations":[{"start":{"line":56,"column":18},"end":{"line":56,"column":38}}]},"10":{"type":"branch","line":62,"loc":{"start":{"line":62,"column":27},"end":{"line":62,"column":43}},"locations":[{"start":{"line":62,"column":27},"end":{"line":62,"column":43}}]},"11":{"type":"branch","line":62,"loc":{"start":{"line":62,"column":43},"end":{"line":65,"column":11}},"locations":[{"start":{"line":62,"column":43},"end":{"line":65,"column":11}}]},"12":{"type":"branch","line":65,"loc":{"start":{"line":65,"column":4},"end":{"line":68,"column":5}},"locations":[{"start":{"line":65,"column":4},"end":{"line":68,"column":5}}]},"13":{"type":"branch","line":72,"loc":{"start":{"line":72,"column":28},"end":{"line":78,"column":5}},"locations":[{"start":{"line":72,"column":28},"end":{"line":78,"column":5}}]},"14":{"type":"branch","line":73,"loc":{"start":{"line":73,"column":26},"end":{"line":73,"column":33}},"locations":[{"start":{"line":73,"column":26},"end":{"line":73,"column":33}}]},"15":{"type":"branch","line":73,"loc":{"start":{"line":73,"column":26},"end":{"line":76,"column":13}},"locations":[{"start":{"line":73,"column":26},"end":{"line":76,"column":13}}]},"16":{"type":"branch","line":80,"loc":{"start":{"line":80,"column":2},"end":{"line":87,"column":3}},"locations":[{"start":{"line":80,"column":2},"end":{"line":87,"column":3}}]},"17":{"type":"branch","line":84,"loc":{"start":{"line":84,"column":15},"end":{"line":84,"column":22}},"locations":[{"start":{"line":84,"column":15},"end":{"line":84,"column":22}}]},"18":{"type":"branch","line":85,"loc":{"start":{"line":85,"column":39},"end":{"line":85,"column":80}},"locations":[{"start":{"line":85,"column":39},"end":{"line":85,"column":80}}]},"19":{"type":"branch","line":85,"loc":{"start":{"line":85,"column":80},"end":{"line":85,"column":87}},"locations":[{"start":{"line":85,"column":80},"end":{"line":85,"column":87}}]},"20":{"type":"branch","line":85,"loc":{"start":{"line":85,"column":80},"end":{"line":86,"column":12}},"locations":[{"start":{"line":85,"column":80},"end":{"line":86,"column":12}}]},"21":{"type":"branch","line":89,"loc":{"start":{"line":89,"column":2},"end":{"line":95,"column":3}},"locations":[{"start":{"line":89,"column":2},"end":{"line":95,"column":3}}]},"22":{"type":"branch","line":90,"loc":{"start":{"line":90,"column":28},"end":{"line":94,"column":30}},"locations":[{"start":{"line":90,"column":28},"end":{"line":94,"column":30}}]},"23":{"type":"branch","line":97,"loc":{"start":{"line":97,"column":2},"end":{"line":103,"column":3}},"locations":[{"start":{"line":97,"column":2},"end":{"line":103,"column":3}}]},"24":{"type":"branch","line":105,"loc":{"start":{"line":105,"column":2},"end":{"line":110,"column":3}},"locations":[{"start":{"line":105,"column":2},"end":{"line":110,"column":3}}]},"25":{"type":"branch","line":112,"loc":{"start":{"line":112,"column":32},"end":{"line":124,"column":5}},"locations":[{"start":{"line":112,"column":32},"end":{"line":124,"column":5}}]},"26":{"type":"branch","line":113,"loc":{"start":{"line":113,"column":25},"end":{"line":113,"column":32}},"locations":[{"start":{"line":113,"column":25},"end":{"line":113,"column":32}}]},"27":{"type":"branch","line":113,"loc":{"start":{"line":113,"column":25},"end":{"line":122,"column":22}},"locations":[{"start":{"line":113,"column":25},"end":{"line":122,"column":22}}]},"28":{"type":"branch","line":122,"loc":{"start":{"line":122,"column":13},"end":{"line":122,"column":49}},"locations":[{"start":{"line":122,"column":13},"end":{"line":122,"column":49}}]},"29":{"type":"branch","line":122,"loc":{"start":{"line":122,"column":67},"end":{"line":122,"column":76}},"locations":[{"start":{"line":122,"column":67},"end":{"line":122,"column":76}}]},"30":{"type":"branch","line":118,"loc":{"start":{"line":118,"column":22},"end":{"line":118,"column":53}},"locations":[{"start":{"line":118,"column":22},"end":{"line":118,"column":53}}]},"31":{"type":"branch","line":120,"loc":{"start":{"line":120,"column":22},"end":{"line":120,"column":53}},"locations":[{"start":{"line":120,"column":22},"end":{"line":120,"column":53}}]},"32":{"type":"branch","line":126,"loc":{"start":{"line":126,"column":29},"end":{"line":129,"column":5}},"locations":[{"start":{"line":126,"column":29},"end":{"line":129,"column":5}}]},"33":{"type":"branch","line":127,"loc":{"start":{"line":127,"column":25},"end":{"line":127,"column":33}},"locations":[{"start":{"line":127,"column":25},"end":{"line":127,"column":33}}]},"34":{"type":"branch","line":127,"loc":{"start":{"line":127,"column":31},"end":{"line":128,"column":26}},"locations":[{"start":{"line":127,"column":31},"end":{"line":128,"column":26}}]},"35":{"type":"branch","line":132,"loc":{"start":{"line":132,"column":12},"end":{"line":132,"column":26}},"locations":[{"start":{"line":132,"column":12},"end":{"line":132,"column":26}}]},"36":{"type":"branch","line":134,"loc":{"start":{"line":134,"column":33},"end":{"line":136,"column":5}},"locations":[{"start":{"line":134,"column":33},"end":{"line":136,"column":5}}]},"37":{"type":"branch","line":137,"loc":{"start":{"line":137,"column":31},"end":{"line":139,"column":5}},"locations":[{"start":{"line":137,"column":31},"end":{"line":139,"column":5}}]}},"b":{"0":[40],"1":[28],"2":[14],"3":[1],"4":[13],"5":[12],"6":[13],"7":[13],"8":[12],"9":[13],"10":[2],"11":[11],"12":[2],"13":[4],"14":[1],"15":[3],"16":[3],"17":[1],"18":[2],"19":[2],"20":[1],"21":[2],"22":[1],"23":[13],"24":[17],"25":[14],"26":[1],"27":[13],"28":[2],"29":[1],"30":[13],"31":[13],"32":[14],"33":[1],"34":[13],"35":[14],"36":[80],"37":[26]},"fnMap":{"0":{"name":"usePopover","decl":{"start":{"line":23,"column":7},"end":{"line":152,"column":1}},"loc":{"start":{"line":23,"column":7},"end":{"line":152,"column":1}},"line":23},"1":{"name":"onDocPointerDown","decl":{"start":{"line":80,"column":2},"end":{"line":87,"column":3}},"loc":{"start":{"line":80,"column":2},"end":{"line":87,"column":3}},"line":80},"2":{"name":"onDocKeydown","decl":{"start":{"line":89,"column":2},"end":{"line":95,"column":3}},"loc":{"start":{"line":89,"column":2},"end":{"line":95,"column":3}},"line":89},"3":{"name":"bind","decl":{"start":{"line":97,"column":2},"end":{"line":103,"column":3}},"loc":{"start":{"line":97,"column":2},"end":{"line":103,"column":3}},"line":97},"4":{"name":"unbind","decl":{"start":{"line":105,"column":2},"end":{"line":110,"column":3}},"loc":{"start":{"line":105,"column":2},"end":{"line":110,"column":3}},"line":105}},"f":{"0":40,"1":3,"2":2,"3":13,"4":17}}
,"D:\\Files\\development\\twische\\web\\src\\hooks\\useSyncTick.ts": {"path":"D:\\Files\\development\\twische\\web\\src\\hooks\\useSyncTick.ts","all":false,"statementMap":{"0":{"start":{"line":1,"column":0},"end":{"line":1,"column":45}},"1":{"start":{"line":2,"column":0},"end":{"line":2,"column":52}},"2":{"start":{"line":3,"column":0},"end":{"line":3,"column":43}},"8":{"start":{"line":9,"column":0},"end":{"line":9,"column":38}},"9":{"start":{"line":10,"column":0},"end":{"line":10,"column":57}},"10":{"start":{"line":11,"column":0},"end":{"line":11,"column":1}},"15":{"start":{"line":16,"column":0},"end":{"line":16,"column":16}},"17":{"start":{"line":18,"column":0},"end":{"line":18,"column":55}},"18":{"start":{"line":19,"column":0},"end":{"line":19,"column":30}},"19":{"start":{"line":20,"column":0},"end":{"line":20,"column":17}},"20":{"start":{"line":21,"column":0},"end":{"line":21,"column":9}},"21":{"start":{"line":22,"column":0},"end":{"line":22,"column":5}},"22":{"start":{"line":23,"column":0},"end":{"line":23,"column":1}},"28":{"start":{"line":29,"column":0},"end":{"line":29,"column":39}},"29":{"start":{"line":30,"column":0},"end":{"line":30,"column":78}},"30":{"start":{"line":31,"column":0},"end":{"line":31,"column":1}}},"s":{"0":1,"1":1,"2":1,"8":1,"9":2,"10":2,"15":1,"17":1,"18":1,"19":1,"20":1,"21":1,"22":1,"28":1,"29":2,"30":2},"branchMap":{"0":{"type":"branch","line":9,"loc":{"start":{"line":9,"column":7},"end":{"line":11,"column":1}},"locations":[{"start":{"line":9,"column":7},"end":{"line":11,"column":1}}]},"1":{"type":"branch","line":18,"loc":{"start":{"line":18,"column":0},"end":{"line":23,"column":1}},"locations":[{"start":{"line":18,"column":0},"end":{"line":23,"column":1}}]},"2":{"type":"branch","line":19,"loc":{"start":{"line":19,"column":23},"end":{"line":22,"column":3}},"locations":[{"start":{"line":19,"column":23},"end":{"line":22,"column":3}}]},"3":{"type":"branch","line":29,"loc":{"start":{"line":29,"column":7},"end":{"line":31,"column":1}},"locations":[{"start":{"line":29,"column":7},"end":{"line":31,"column":1}}]},"4":{"type":"branch","line":30,"loc":{"start":{"line":30,"column":48},"end":{"line":30,"column":63}},"locations":[{"start":{"line":30,"column":48},"end":{"line":30,"column":63}}]}},"b":{"0":[2],"1":[1],"2":[1],"3":[2],"4":[7]},"fnMap":{"0":{"name":"useRepoRev","decl":{"start":{"line":9,"column":7},"end":{"line":11,"column":1}},"loc":{"start":{"line":9,"column":7},"end":{"line":11,"column":1}},"line":9},"1":{"name":"subscribeWrapped","decl":{"start":{"line":18,"column":0},"end":{"line":23,"column":1}},"loc":{"start":{"line":18,"column":0},"end":{"line":23,"column":1}},"line":18},"2":{"name":"useSyncTick","decl":{"start":{"line":29,"column":7},"end":{"line":31,"column":1}},"loc":{"start":{"line":29,"column":7},"end":{"line":31,"column":1}},"line":29}},"f":{"0":2,"1":1,"2":2}}
,"D:\\Files\\development\\twische\\web\\src\\lib\\api.ts": {"path":"D:\\Files\\development\\twische\\web\\src\\lib\\api.ts","all":false,"statementMap":{"8":{"start":{"line":9,"column":0},"end":{"line":9,"column":37}},"9":{"start":{"line":10,"column":0},"end":{"line":10,"column":15}},"10":{"start":{"line":11,"column":0},"end":{"line":11,"column":17}},"11":{"start":{"line":12,"column":0},"end":{"line":12,"column":33}},"13":{"start":{"line":14,"column":0},"end":{"line":14,"column":95}},"14":{"start":{"line":15,"column":0},"end":{"line":15,"column":19}},"15":{"start":{"line":16,"column":0},"end":{"line":16,"column":27}},"16":{"start":{"line":17,"column":0},"end":{"line":17,"column":21}},"17":{"start":{"line":18,"column":0},"end":{"line":18,"column":25}},"18":{"start":{"line":19,"column":0},"end":{"line":19,"column":23}},"19":{"start":{"line":20,"column":0},"end":{"line":20,"column":3}},"22":{"start":{"line":23,"column":0},"end":{"line":23,"column":28}},"23":{"start":{"line":24,"column":0},"end":{"line":24,"column":41}},"24":{"start":{"line":25,"column":0},"end":{"line":25,"column":3}},"27":{"start":{"line":28,"column":0},"end":{"line":28,"column":25}},"28":{"start":{"line":29,"column":0},"end":{"line":29,"column":63}},"29":{"start":{"line":30,"column":0},"end":{"line":30,"column":3}},"35":{"start":{"line":36,"column":0},"end":{"line":36,"column":32}},"36":{"start":{"line":37,"column":0},"end":{"line":37,"column":45}},"37":{"start":{"line":38,"column":0},"end":{"line":38,"column":3}},"38":{"start":{"line":39,"column":0},"end":{"line":39,"column":1}},"48":{"start":{"line":49,"column":0},"end":{"line":49,"column":86}},"49":{"start":{"line":50,"column":0},"end":{"line":50,"column":67}},"51":{"start":{"line":52,"column":0},"end":{"line":52,"column":43}},"53":{"start":{"line":54,"column":0},"end":{"line":54,"column":30}},"54":{"start":{"line":55,"column":0},"end":{"line":55,"column":31}},"55":{"start":{"line":56,"column":0},"end":{"line":56,"column":4}},"56":{"start":{"line":57,"column":0},"end":{"line":57,"column":71}},"59":{"start":{"line":60,"column":0},"end":{"line":60,"column":37}},"60":{"start":{"line":61,"column":0},"end":{"line":61,"column":101}},"61":{"start":{"line":62,"column":0},"end":{"line":62,"column":86}},"62":{"start":{"line":63,"column":0},"end":{"line":63,"column":69}},"64":{"start":{"line":65,"column":0},"end":{"line":65,"column":20}},"65":{"start":{"line":66,"column":0},"end":{"line":66,"column":7}},"66":{"start":{"line":67,"column":0},"end":{"line":67,"column":29}},"67":{"start":{"line":68,"column":0},"end":{"line":68,"column":13}},"68":{"start":{"line":69,"column":0},"end":{"line":69,"column":14}},"69":{"start":{"line":70,"column":0},"end":{"line":70,"column":66}},"70":{"start":{"line":71,"column":0},"end":{"line":71,"column":33}},"71":{"start":{"line":72,"column":0},"end":{"line":72,"column":26}},"72":{"start":{"line":73,"column":0},"end":{"line":73,"column":24}},"73":{"start":{"line":74,"column":0},"end":{"line":74,"column":7}},"74":{"start":{"line":75,"column":0},"end":{"line":75,"column":17}},"75":{"start":{"line":76,"column":0},"end":{"line":76,"column":24}},"76":{"start":{"line":77,"column":0},"end":{"line":77,"column":58}},"77":{"start":{"line":78,"column":0},"end":{"line":78,"column":67}},"78":{"start":{"line":79,"column":0},"end":{"line":79,"column":48}},"79":{"start":{"line":80,"column":0},"end":{"line":80,"column":5}},"80":{"start":{"line":81,"column":0},"end":{"line":81,"column":69}},"81":{"start":{"line":82,"column":0},"end":{"line":82,"column":59}},"82":{"start":{"line":83,"column":0},"end":{"line":83,"column":5}},"83":{"start":{"line":84,"column":0},"end":{"line":84,"column":55}},"84":{"start":{"line":85,"column":0},"end":{"line":85,"column":3}},"86":{"start":{"line":87,"column":0},"end":{"line":87,"column":22}},"87":{"start":{"line":88,"column":0},"end":{"line":88,"column":56}},"89":{"start":{"line":90,"column":0},"end":{"line":90,"column":26}},"90":{"start":{"line":91,"column":0},"end":{"line":91,"column":32}},"91":{"start":{"line":92,"column":0},"end":{"line":92,"column":13}},"92":{"start":{"line":93,"column":0},"end":{"line":93,"column":9}},"93":{"start":{"line":94,"column":0},"end":{"line":94,"column":33}},"94":{"start":{"line":95,"column":0},"end":{"line":95,"column":13}},"96":{"start":{"line":97,"column":0},"end":{"line":97,"column":20}},"97":{"start":{"line":98,"column":0},"end":{"line":98,"column":84}},"98":{"start":{"line":99,"column":0},"end":{"line":99,"column":7}},"99":{"start":{"line":100,"column":0},"end":{"line":100,"column":69}},"100":{"start":{"line":101,"column":0},"end":{"line":101,"column":5}},"101":{"start":{"line":102,"column":0},"end":{"line":102,"column":3}},"103":{"start":{"line":104,"column":0},"end":{"line":104,"column":16}},"104":{"start":{"line":105,"column":0},"end":{"line":105,"column":55}},"105":{"start":{"line":106,"column":0},"end":{"line":106,"column":62}},"106":{"start":{"line":107,"column":0},"end":{"line":107,"column":65}},"107":{"start":{"line":108,"column":0},"end":{"line":108,"column":3}},"109":{"start":{"line":110,"column":0},"end":{"line":110,"column":22}},"110":{"start":{"line":111,"column":0},"end":{"line":111,"column":1}},"183":{"start":{"line":184,"column":0},"end":{"line":184,"column":20}},"184":{"start":{"line":185,"column":0},"end":{"line":185,"column":74}},"186":{"start":{"line":187,"column":0},"end":{"line":187,"column":68}},"187":{"start":{"line":188,"column":0},"end":{"line":188,"column":102}},"188":{"start":{"line":189,"column":0},"end":{"line":189,"column":21}},"189":{"start":{"line":190,"column":0},"end":{"line":190,"column":47}},"190":{"start":{"line":191,"column":0},"end":{"line":191,"column":52}},"191":{"start":{"line":192,"column":0},"end":{"line":192,"column":7}},"193":{"start":{"line":194,"column":0},"end":{"line":194,"column":105}},"195":{"start":{"line":196,"column":0},"end":{"line":196,"column":18}},"196":{"start":{"line":197,"column":0},"end":{"line":197,"column":105}},"198":{"start":{"line":199,"column":0},"end":{"line":199,"column":16}},"199":{"start":{"line":200,"column":0},"end":{"line":200,"column":13}},"212":{"start":{"line":213,"column":0},"end":{"line":213,"column":49}},"214":{"start":{"line":215,"column":0},"end":{"line":215,"column":67}},"215":{"start":{"line":216,"column":0},"end":{"line":216,"column":74}},"216":{"start":{"line":217,"column":0},"end":{"line":217,"column":21}},"217":{"start":{"line":218,"column":0},"end":{"line":218,"column":45}},"218":{"start":{"line":219,"column":0},"end":{"line":219,"column":23}},"219":{"start":{"line":220,"column":0},"end":{"line":220,"column":7}},"221":{"start":{"line":222,"column":0},"end":{"line":222,"column":9}},"222":{"start":{"line":223,"column":0},"end":{"line":223,"column":11}},"228":{"start":{"line":229,"column":0},"end":{"line":229,"column":25}},"229":{"start":{"line":230,"column":0},"end":{"line":230,"column":94}},"231":{"start":{"line":232,"column":0},"end":{"line":232,"column":99}},"237":{"start":{"line":238,"column":0},"end":{"line":238,"column":70}},"238":{"start":{"line":239,"column":0},"end":{"line":239,"column":73}},"239":{"start":{"line":240,"column":0},"end":{"line":240,"column":21}},"240":{"start":{"line":241,"column":0},"end":{"line":241,"column":73}},"241":{"start":{"line":242,"column":0},"end":{"line":242,"column":7}},"243":{"start":{"line":244,"column":0},"end":{"line":244,"column":56}},"244":{"start":{"line":245,"column":0},"end":{"line":245,"column":98}},"245":{"start":{"line":246,"column":0},"end":{"line":246,"column":21}},"246":{"start":{"line":247,"column":0},"end":{"line":247,"column":61}},"247":{"start":{"line":248,"column":0},"end":{"line":248,"column":7}},"249":{"start":{"line":250,"column":0},"end":{"line":250,"column":56}},"250":{"start":{"line":251,"column":0},"end":{"line":251,"column":73}},"251":{"start":{"line":252,"column":0},"end":{"line":252,"column":21}},"252":{"start":{"line":253,"column":0},"end":{"line":253,"column":61}},"253":{"start":{"line":254,"column":0},"end":{"line":254,"column":7}},"255":{"start":{"line":256,"column":0},"end":{"line":256,"column":16}},"256":{"start":{"line":257,"column":0},"end":{"line":257,"column":13}},"261":{"start":{"line":262,"column":0},"end":{"line":262,"column":23}},"263":{"start":{"line":264,"column":0},"end":{"line":264,"column":24}},"264":{"start":{"line":265,"column":0},"end":{"line":265,"column":114}},"265":{"start":{"line":266,"column":0},"end":{"line":266,"column":42}},"266":{"start":{"line":267,"column":0},"end":{"line":267,"column":6}},"268":{"start":{"line":269,"column":0},"end":{"line":269,"column":28}},"269":{"start":{"line":270,"column":0},"end":{"line":270,"column":13}},"279":{"start":{"line":280,"column":0},"end":{"line":280,"column":45}},"281":{"start":{"line":282,"column":0},"end":{"line":282,"column":35}},"282":{"start":{"line":283,"column":0},"end":{"line":283,"column":2}}},"s":{"8":1,"9":54,"10":54,"11":54,"13":54,"14":54,"15":54,"16":54,"17":54,"18":54,"19":54,"22":54,"23":14,"24":14,"27":54,"28":12,"29":12,"35":54,"36":8,"37":8,"38":54,"48":29,"49":29,"51":29,"53":29,"54":29,"55":29,"56":29,"59":29,"60":29,"61":29,"62":29,"64":29,"65":29,"66":29,"67":29,"68":29,"69":29,"70":29,"71":29,"72":29,"73":29,"74":29,"75":5,"76":5,"77":5,"78":2,"79":2,"80":5,"81":2,"82":2,"83":1,"84":1,"86":24,"87":29,"89":29,"90":29,"91":29,"92":22,"93":22,"94":22,"96":2,"97":1,"98":1,"99":1,"100":1,"101":22,"103":29,"104":4,"105":4,"106":4,"107":4,"109":18,"110":18,"183":1,"184":1,"186":1,"187":1,"188":1,"189":1,"190":1,"191":1,"193":1,"195":1,"196":1,"198":1,"199":1,"212":1,"214":1,"215":1,"216":1,"217":1,"218":1,"219":1,"221":1,"222":3,"228":3,"229":3,"231":1,"237":1,"238":2,"239":2,"240":2,"241":2,"243":1,"244":2,"245":2,"246":2,"247":2,"249":1,"250":2,"251":2,"252":2,"253":2,"255":1,"256":1,"261":1,"263":1,"264":1,"265":1,"266":1,"268":1,"269":1,"279":1,"281":1,"282":1},"branchMap":{"0":{"type":"branch","line":9,"loc":{"start":{"line":9,"column":36},"end":{"line":39,"column":1}},"locations":[{"start":{"line":9,"column":36},"end":{"line":39,"column":1}}]},"1":{"type":"branch","line":14,"loc":{"start":{"line":14,"column":2},"end":{"line":20,"column":3}},"locations":[{"start":{"line":14,"column":2},"end":{"line":20,"column":3}}]},"2":{"type":"branch","line":23,"loc":{"start":{"line":23,"column":2},"end":{"line":25,"column":3}},"locations":[{"start":{"line":23,"column":2},"end":{"line":25,"column":3}}]},"3":{"type":"branch","line":28,"loc":{"start":{"line":28,"column":2},"end":{"line":30,"column":3}},"locations":[{"start":{"line":28,"column":2},"end":{"line":30,"column":3}}]},"4":{"type":"branch","line":29,"loc":{"start":{"line":29,"column":25},"end":{"line":29,"column":63}},"locations":[{"start":{"line":29,"column":25},"end":{"line":29,"column":63}}]},"5":{"type":"branch","line":36,"loc":{"start":{"line":36,"column":2},"end":{"line":38,"column":3}},"locations":[{"start":{"line":36,"column":2},"end":{"line":38,"column":3}}]},"6":{"type":"branch","line":49,"loc":{"start":{"line":49,"column":0},"end":{"line":111,"column":1}},"locations":[{"start":{"line":49,"column":0},"end":{"line":111,"column":1}}]},"7":{"type":"branch","line":57,"loc":{"start":{"line":57,"column":26},"end":{"line":57,"column":71}},"locations":[{"start":{"line":57,"column":26},"end":{"line":57,"column":71}}]},"8":{"type":"branch","line":63,"loc":{"start":{"line":63,"column":2},"end":{"line":63,"column":27}},"locations":[{"start":{"line":63,"column":2},"end":{"line":63,"column":27}}]},"9":{"type":"branch","line":70,"loc":{"start":{"line":70,"column":21},"end":{"line":70,"column":45}},"locations":[{"start":{"line":70,"column":21},"end":{"line":70,"column":45}}]},"10":{"type":"branch","line":70,"loc":{"start":{"line":70,"column":33},"end":{"line":70,"column":66}},"locations":[{"start":{"line":70,"column":33},"end":{"line":70,"column":66}}]},"11":{"type":"branch","line":74,"loc":{"start":{"line":74,"column":5},"end":{"line":75,"column":11}},"locations":[{"start":{"line":74,"column":5},"end":{"line":75,"column":11}}]},"12":{"type":"branch","line":75,"loc":{"start":{"line":75,"column":2},"end":{"line":85,"column":3}},"locations":[{"start":{"line":75,"column":2},"end":{"line":85,"column":3}}]},"13":{"type":"branch","line":77,"loc":{"start":{"line":77,"column":4},"end":{"line":77,"column":32}},"locations":[{"start":{"line":77,"column":4},"end":{"line":77,"column":32}}]},"14":{"type":"branch","line":78,"loc":{"start":{"line":78,"column":23},"end":{"line":78,"column":66}},"locations":[{"start":{"line":78,"column":23},"end":{"line":78,"column":66}}]},"15":{"type":"branch","line":78,"loc":{"start":{"line":78,"column":66},"end":{"line":80,"column":5}},"locations":[{"start":{"line":78,"column":66},"end":{"line":80,"column":5}}]},"16":{"type":"branch","line":80,"loc":{"start":{"line":80,"column":4},"end":{"line":81,"column":39}},"locations":[{"start":{"line":80,"column":4},"end":{"line":81,"column":39}}]},"17":{"type":"branch","line":81,"loc":{"start":{"line":81,"column":23},"end":{"line":81,"column":68}},"locations":[{"start":{"line":81,"column":23},"end":{"line":81,"column":68}}]},"18":{"type":"branch","line":81,"loc":{"start":{"line":81,"column":68},"end":{"line":83,"column":5}},"locations":[{"start":{"line":81,"column":68},"end":{"line":83,"column":5}}]},"19":{"type":"branch","line":83,"loc":{"start":{"line":83,"column":4},"end":{"line":85,"column":3}},"locations":[{"start":{"line":83,"column":4},"end":{"line":85,"column":3}}]},"20":{"type":"branch","line":85,"loc":{"start":{"line":85,"column":2},"end":{"line":88,"column":10}},"locations":[{"start":{"line":85,"column":2},"end":{"line":88,"column":10}}]},"21":{"type":"branch","line":88,"loc":{"start":{"line":88,"column":2},"end":{"line":88,"column":30}},"locations":[{"start":{"line":88,"column":2},"end":{"line":88,"column":30}}]},"22":{"type":"branch","line":91,"loc":{"start":{"line":91,"column":30},"end":{"line":92,"column":12}},"locations":[{"start":{"line":91,"column":30},"end":{"line":92,"column":12}}]},"23":{"type":"branch","line":92,"loc":{"start":{"line":92,"column":12},"end":{"line":104,"column":15}},"locations":[{"start":{"line":92,"column":12},"end":{"line":104,"column":15}}]},"24":{"type":"branch","line":95,"loc":{"start":{"line":95,"column":4},"end":{"line":101,"column":5}},"locations":[{"start":{"line":95,"column":4},"end":{"line":101,"column":5}}]},"25":{"type":"branch","line":97,"loc":{"start":{"line":97,"column":19},"end":{"line":101,"column":5}},"locations":[{"start":{"line":97,"column":19},"end":{"line":101,"column":5}}]},"26":{"type":"branch","line":104,"loc":{"start":{"line":104,"column":15},"end":{"line":108,"column":3}},"locations":[{"start":{"line":104,"column":15},"end":{"line":108,"column":3}}]},"27":{"type":"branch","line":105,"loc":{"start":{"line":105,"column":17},"end":{"line":105,"column":34}},"locations":[{"start":{"line":105,"column":17},"end":{"line":105,"column":34}}]},"28":{"type":"branch","line":105,"loc":{"start":{"line":105,"column":26},"end":{"line":105,"column":55}},"locations":[{"start":{"line":105,"column":26},"end":{"line":105,"column":55}}]},"29":{"type":"branch","line":106,"loc":{"start":{"line":106,"column":20},"end":{"line":106,"column":40}},"locations":[{"start":{"line":106,"column":20},"end":{"line":106,"column":40}}]},"30":{"type":"branch","line":106,"loc":{"start":{"line":106,"column":29},"end":{"line":106,"column":62}},"locations":[{"start":{"line":106,"column":29},"end":{"line":106,"column":62}}]},"31":{"type":"branch","line":107,"loc":{"start":{"line":107,"column":50},"end":{"line":107,"column":63}},"locations":[{"start":{"line":107,"column":50},"end":{"line":107,"column":63}}]},"32":{"type":"branch","line":108,"loc":{"start":{"line":108,"column":2},"end":{"line":111,"column":1}},"locations":[{"start":{"line":108,"column":2},"end":{"line":111,"column":1}}]},"33":{"type":"branch","line":61,"loc":{"start":{"line":61,"column":27},"end":{"line":61,"column":90}},"locations":[{"start":{"line":61,"column":27},"end":{"line":61,"column":90}}]},"34":{"type":"branch","line":62,"loc":{"start":{"line":62,"column":26},"end":{"line":62,"column":86}},"locations":[{"start":{"line":62,"column":26},"end":{"line":62,"column":86}}]},"35":{"type":"branch","line":185,"loc":{"start":{"line":185,"column":10},"end":{"line":185,"column":74}},"locations":[{"start":{"line":185,"column":10},"end":{"line":185,"column":74}}]},"36":{"type":"branch","line":187,"loc":{"start":{"line":187,"column":9},"end":{"line":192,"column":7}},"locations":[{"start":{"line":187,"column":9},"end":{"line":192,"column":7}}]},"37":{"type":"branch","line":194,"loc":{"start":{"line":194,"column":10},"end":{"line":194,"column":105}},"locations":[{"start":{"line":194,"column":10},"end":{"line":194,"column":105}}]},"38":{"type":"branch","line":196,"loc":{"start":{"line":196,"column":13},"end":{"line":197,"column":105}},"locations":[{"start":{"line":196,"column":13},"end":{"line":197,"column":105}}]},"39":{"type":"branch","line":199,"loc":{"start":{"line":199,"column":11},"end":{"line":213,"column":49}},"locations":[{"start":{"line":199,"column":11},"end":{"line":213,"column":49}}]},"40":{"type":"branch","line":215,"loc":{"start":{"line":215,"column":18},"end":{"line":220,"column":7}},"locations":[{"start":{"line":215,"column":18},"end":{"line":220,"column":7}}]},"41":{"type":"branch","line":222,"loc":{"start":{"line":222,"column":8},"end":{"line":230,"column":94}},"locations":[{"start":{"line":222,"column":8},"end":{"line":230,"column":94}}]},"42":{"type":"branch","line":232,"loc":{"start":{"line":232,"column":11},"end":{"line":232,"column":99}},"locations":[{"start":{"line":232,"column":11},"end":{"line":232,"column":99}}]},"43":{"type":"branch","line":238,"loc":{"start":{"line":238,"column":16},"end":{"line":242,"column":7}},"locations":[{"start":{"line":238,"column":16},"end":{"line":242,"column":7}}]},"44":{"type":"branch","line":241,"loc":{"start":{"line":241,"column":12},"end":{"line":241,"column":54}},"locations":[{"start":{"line":241,"column":12},"end":{"line":241,"column":54}}]},"45":{"type":"branch","line":241,"loc":{"start":{"line":241,"column":50},"end":{"line":241,"column":73}},"locations":[{"start":{"line":241,"column":50},"end":{"line":241,"column":73}}]},"46":{"type":"branch","line":244,"loc":{"start":{"line":244,"column":16},"end":{"line":248,"column":7}},"locations":[{"start":{"line":244,"column":16},"end":{"line":248,"column":7}}]},"47":{"type":"branch","line":247,"loc":{"start":{"line":247,"column":12},"end":{"line":247,"column":48}},"locations":[{"start":{"line":247,"column":12},"end":{"line":247,"column":48}}]},"48":{"type":"branch","line":247,"loc":{"start":{"line":247,"column":44},"end":{"line":247,"column":61}},"locations":[{"start":{"line":247,"column":44},"end":{"line":247,"column":61}}]},"49":{"type":"branch","line":250,"loc":{"start":{"line":250,"column":16},"end":{"line":254,"column":7}},"locations":[{"start":{"line":250,"column":16},"end":{"line":254,"column":7}}]},"50":{"type":"branch","line":253,"loc":{"start":{"line":253,"column":12},"end":{"line":253,"column":48}},"locations":[{"start":{"line":253,"column":12},"end":{"line":253,"column":48}}]},"51":{"type":"branch","line":253,"loc":{"start":{"line":253,"column":44},"end":{"line":253,"column":61}},"locations":[{"start":{"line":253,"column":44},"end":{"line":253,"column":61}}]},"52":{"type":"branch","line":256,"loc":{"start":{"line":256,"column":11},"end":{"line":262,"column":23}},"locations":[{"start":{"line":256,"column":11},"end":{"line":262,"column":23}}]},"53":{"type":"branch","line":264,"loc":{"start":{"line":264,"column":9},"end":{"line":267,"column":6}},"locations":[{"start":{"line":264,"column":9},"end":{"line":267,"column":6}}]},"54":{"type":"branch","line":269,"loc":{"start":{"line":269,"column":13},"end":{"line":280,"column":45}},"locations":[{"start":{"line":269,"column":13},"end":{"line":280,"column":45}}]}},"b":{"0":[54],"1":[54],"2":[14],"3":[12],"4":[8],"5":[8],"6":[29],"7":[13],"8":[2],"9":[16],"10":[13],"11":[24],"12":[5],"13":[1],"14":[4],"15":[2],"16":[3],"17":[2],"18":[2],"19":[1],"20":[24],"21":[1],"22":[24],"23":[22],"24":[2],"25":[1],"26":[4],"27":[3],"28":[2],"29":[3],"30":[2],"31":[1],"32":[18],"33":[1],"34":[1],"35":[11],"36":[1],"37":[1],"38":[1],"39":[1],"40":[1],"41":[3],"42":[1],"43":[2],"44":[1],"45":[1],"46":[2],"47":[1],"48":[1],"49":[2],"50":[1],"51":[1],"52":[1],"53":[1],"54":[1]},"fnMap":{"0":{"name":"<instance_members_initializer>","decl":{"start":{"line":9,"column":36},"end":{"line":39,"column":1}},"loc":{"start":{"line":9,"column":36},"end":{"line":39,"column":1}},"line":9},"1":{"name":"ApiError","decl":{"start":{"line":14,"column":2},"end":{"line":20,"column":3}},"loc":{"start":{"line":14,"column":2},"end":{"line":20,"column":3}},"line":14},"2":{"name":"get isNetwork","decl":{"start":{"line":23,"column":2},"end":{"line":25,"column":3}},"loc":{"start":{"line":23,"column":2},"end":{"line":25,"column":3}},"line":23},"3":{"name":"get isAuth","decl":{"start":{"line":28,"column":2},"end":{"line":30,"column":3}},"loc":{"start":{"line":28,"column":2},"end":{"line":30,"column":3}},"line":28},"4":{"name":"get needsPassword","decl":{"start":{"line":36,"column":2},"end":{"line":38,"column":3}},"loc":{"start":{"line":36,"column":2},"end":{"line":38,"column":3}},"line":36},"5":{"name":"request","decl":{"start":{"line":49,"column":0},"end":{"line":111,"column":1}},"loc":{"start":{"line":49,"column":0},"end":{"line":111,"column":1}},"line":49},"6":{"name":"onExternalAbort","decl":{"start":{"line":62,"column":26},"end":{"line":62,"column":86}},"loc":{"start":{"line":62,"column":26},"end":{"line":62,"column":86}},"line":62},"7":{"name":"status","decl":{"start":{"line":185,"column":10},"end":{"line":185,"column":74}},"loc":{"start":{"line":185,"column":10},"end":{"line":185,"column":74}},"line":185},"8":{"name":"login","decl":{"start":{"line":187,"column":9},"end":{"line":192,"column":7}},"loc":{"start":{"line":187,"column":9},"end":{"line":192,"column":7}},"line":187},"9":{"name":"logout","decl":{"start":{"line":194,"column":10},"end":{"line":194,"column":105}},"loc":{"start":{"line":194,"column":10},"end":{"line":194,"column":105}},"line":194},"10":{"name":"logoutAll","decl":{"start":{"line":196,"column":13},"end":{"line":197,"column":105}},"loc":{"start":{"line":196,"column":13},"end":{"line":197,"column":105}},"line":196},"11":{"name":"session","decl":{"start":{"line":199,"column":11},"end":{"line":213,"column":49}},"loc":{"start":{"line":199,"column":11},"end":{"line":213,"column":49}},"line":199},"12":{"name":"changePassword","decl":{"start":{"line":215,"column":18},"end":{"line":220,"column":7}},"loc":{"start":{"line":215,"column":18},"end":{"line":220,"column":7}},"line":215},"13":{"name":"sync","decl":{"start":{"line":222,"column":8},"end":{"line":230,"column":94}},"loc":{"start":{"line":222,"column":8},"end":{"line":230,"column":94}},"line":222},"14":{"name":"devices","decl":{"start":{"line":232,"column":11},"end":{"line":232,"column":99}},"loc":{"start":{"line":232,"column":11},"end":{"line":232,"column":99}},"line":232},"15":{"name":"renameDevice","decl":{"start":{"line":238,"column":16},"end":{"line":242,"column":7}},"loc":{"start":{"line":238,"column":16},"end":{"line":242,"column":7}},"line":238},"16":{"name":"revokeDevice","decl":{"start":{"line":244,"column":16},"end":{"line":248,"column":7}},"loc":{"start":{"line":244,"column":16},"end":{"line":248,"column":7}},"line":244},"17":{"name":"forgetDevice","decl":{"start":{"line":250,"column":16},"end":{"line":254,"column":7}},"loc":{"start":{"line":250,"column":16},"end":{"line":254,"column":7}},"line":250},"18":{"name":"account","decl":{"start":{"line":256,"column":11},"end":{"line":262,"column":23}},"loc":{"start":{"line":256,"column":11},"end":{"line":262,"column":23}},"line":256},"19":{"name":"audit","decl":{"start":{"line":264,"column":9},"end":{"line":267,"column":6}},"loc":{"start":{"line":264,"column":9},"end":{"line":267,"column":6}},"line":264},"20":{"name":"conflicts","decl":{"start":{"line":269,"column":13},"end":{"line":280,"column":45}},"loc":{"start":{"line":269,"column":13},"end":{"line":280,"column":45}},"line":269}},"f":{"0":54,"1":54,"2":14,"3":12,"4":8,"5":29,"6":1,"7":11,"8":1,"9":1,"10":1,"11":1,"12":1,"13":3,"14":1,"15":2,"16":2,"17":2,"18":1,"19":1,"20":1}}
,"D:\\Files\\development\\twische\\web\\src\\lib\\datetime.ts": {"path":"D:\\Files\\development\\twische\\web\\src\\lib\\datetime.ts","all":false,"statementMap":{"6":{"start":{"line":7,"column":0},"end":{"line":7,"column":123}},"10":{"start":{"line":11,"column":0},"end":{"line":11,"column":75}},"11":{"start":{"line":12,"column":0},"end":{"line":12,"column":69}},"12":{"start":{"line":13,"column":0},"end":{"line":13,"column":28}},"13":{"start":{"line":14,"column":0},"end":{"line":14,"column":37}},"14":{"start":{"line":15,"column":0},"end":{"line":15,"column":39}},"15":{"start":{"line":16,"column":0},"end":{"line":16,"column":2}},"17":{"start":{"line":18,"column":0},"end":{"line":18,"column":60}},"19":{"start":{"line":20,"column":0},"end":{"line":20,"column":44}},"20":{"start":{"line":21,"column":0},"end":{"line":21,"column":23}},"21":{"start":{"line":22,"column":0},"end":{"line":22,"column":54}},"22":{"start":{"line":23,"column":0},"end":{"line":23,"column":67}},"23":{"start":{"line":24,"column":0},"end":{"line":24,"column":1}},"26":{"start":{"line":27,"column":0},"end":{"line":27,"column":65}},"27":{"start":{"line":28,"column":0},"end":{"line":28,"column":82}},"29":{"start":{"line":30,"column":0},"end":{"line":30,"column":75}},"30":{"start":{"line":31,"column":0},"end":{"line":31,"column":32}},"31":{"start":{"line":32,"column":0},"end":{"line":32,"column":1}},"33":{"start":{"line":34,"column":0},"end":{"line":34,"column":57}},"34":{"start":{"line":35,"column":0},"end":{"line":35,"column":30}},"35":{"start":{"line":36,"column":0},"end":{"line":36,"column":30}},"36":{"start":{"line":37,"column":0},"end":{"line":37,"column":29}},"37":{"start":{"line":38,"column":0},"end":{"line":38,"column":1}},"40":{"start":{"line":41,"column":0},"end":{"line":41,"column":70}},"41":{"start":{"line":42,"column":0},"end":{"line":42,"column":46}},"42":{"start":{"line":43,"column":0},"end":{"line":43,"column":61}},"43":{"start":{"line":44,"column":0},"end":{"line":44,"column":1}},"45":{"start":{"line":46,"column":0},"end":{"line":46,"column":66}},"46":{"start":{"line":47,"column":0},"end":{"line":47,"column":30}},"47":{"start":{"line":48,"column":0},"end":{"line":48,"column":21}},"49":{"start":{"line":50,"column":0},"end":{"line":50,"column":45}},"50":{"start":{"line":51,"column":0},"end":{"line":51,"column":35}},"51":{"start":{"line":52,"column":0},"end":{"line":52,"column":29}},"52":{"start":{"line":53,"column":0},"end":{"line":53,"column":45}},"53":{"start":{"line":54,"column":0},"end":{"line":54,"column":76}},"54":{"start":{"line":55,"column":0},"end":{"line":55,"column":1}},"57":{"start":{"line":58,"column":0},"end":{"line":58,"column":75}},"58":{"start":{"line":59,"column":0},"end":{"line":59,"column":36}},"59":{"start":{"line":60,"column":0},"end":{"line":60,"column":20}},"60":{"start":{"line":61,"column":0},"end":{"line":61,"column":67}},"61":{"start":{"line":62,"column":0},"end":{"line":62,"column":57}},"62":{"start":{"line":63,"column":0},"end":{"line":63,"column":46}},"63":{"start":{"line":64,"column":0},"end":{"line":64,"column":78}},"64":{"start":{"line":65,"column":0},"end":{"line":65,"column":4}},"65":{"start":{"line":66,"column":0},"end":{"line":66,"column":1}},"68":{"start":{"line":69,"column":0},"end":{"line":69,"column":89}},"69":{"start":{"line":70,"column":0},"end":{"line":70,"column":30}},"70":{"start":{"line":71,"column":0},"end":{"line":71,"column":21}},"71":{"start":{"line":72,"column":0},"end":{"line":72,"column":44}},"72":{"start":{"line":73,"column":0},"end":{"line":73,"column":32}},"73":{"start":{"line":74,"column":0},"end":{"line":74,"column":32}},"74":{"start":{"line":75,"column":0},"end":{"line":75,"column":32}},"75":{"start":{"line":76,"column":0},"end":{"line":76,"column":33}},"76":{"start":{"line":77,"column":0},"end":{"line":77,"column":3}},"77":{"start":{"line":78,"column":0},"end":{"line":78,"column":67}},"78":{"start":{"line":79,"column":0},"end":{"line":79,"column":41}},"79":{"start":{"line":80,"column":0},"end":{"line":80,"column":66}},"80":{"start":{"line":81,"column":0},"end":{"line":81,"column":14}},"81":{"start":{"line":82,"column":0},"end":{"line":82,"column":1}},"83":{"start":{"line":84,"column":0},"end":{"line":84,"column":55}},"84":{"start":{"line":85,"column":0},"end":{"line":85,"column":30}},"85":{"start":{"line":86,"column":0},"end":{"line":86,"column":21}},"86":{"start":{"line":87,"column":0},"end":{"line":87,"column":44}},"87":{"start":{"line":88,"column":0},"end":{"line":88,"column":1}},"90":{"start":{"line":91,"column":0},"end":{"line":91,"column":71}},"91":{"start":{"line":92,"column":0},"end":{"line":92,"column":23}},"92":{"start":{"line":93,"column":0},"end":{"line":93,"column":31}},"93":{"start":{"line":94,"column":0},"end":{"line":94,"column":28}},"94":{"start":{"line":95,"column":0},"end":{"line":95,"column":33}},"95":{"start":{"line":96,"column":0},"end":{"line":96,"column":66}},"96":{"start":{"line":97,"column":0},"end":{"line":97,"column":70}},"97":{"start":{"line":98,"column":0},"end":{"line":98,"column":74}},"98":{"start":{"line":99,"column":0},"end":{"line":99,"column":25}},"99":{"start":{"line":100,"column":0},"end":{"line":100,"column":115}},"100":{"start":{"line":101,"column":0},"end":{"line":101,"column":1}},"102":{"start":{"line":103,"column":0},"end":{"line":103,"column":71}},"103":{"start":{"line":104,"column":0},"end":{"line":104,"column":22}},"104":{"start":{"line":105,"column":0},"end":{"line":105,"column":25}},"105":{"start":{"line":106,"column":0},"end":{"line":106,"column":54}},"106":{"start":{"line":107,"column":0},"end":{"line":107,"column":111}},"107":{"start":{"line":108,"column":0},"end":{"line":108,"column":1}},"110":{"start":{"line":111,"column":0},"end":{"line":111,"column":57}},"111":{"start":{"line":112,"column":0},"end":{"line":112,"column":57}},"112":{"start":{"line":113,"column":0},"end":{"line":113,"column":93}},"113":{"start":{"line":114,"column":0},"end":{"line":114,"column":1}},"116":{"start":{"line":117,"column":0},"end":{"line":117,"column":53}},"117":{"start":{"line":118,"column":0},"end":{"line":118,"column":101}},"118":{"start":{"line":119,"column":0},"end":{"line":119,"column":1}},"121":{"start":{"line":122,"column":0},"end":{"line":122,"column":57}},"122":{"start":{"line":123,"column":0},"end":{"line":123,"column":48}},"123":{"start":{"line":124,"column":0},"end":{"line":124,"column":22}},"124":{"start":{"line":125,"column":0},"end":{"line":125,"column":25}},"125":{"start":{"line":126,"column":0},"end":{"line":126,"column":27}},"126":{"start":{"line":127,"column":0},"end":{"line":127,"column":38}},"127":{"start":{"line":128,"column":0},"end":{"line":128,"column":22}},"128":{"start":{"line":129,"column":0},"end":{"line":129,"column":1}},"136":{"start":{"line":137,"column":0},"end":{"line":137,"column":59}},"137":{"start":{"line":138,"column":0},"end":{"line":138,"column":31}},"138":{"start":{"line":139,"column":0},"end":{"line":139,"column":22}},"140":{"start":{"line":141,"column":0},"end":{"line":141,"column":65}},"141":{"start":{"line":142,"column":0},"end":{"line":142,"column":14}},"142":{"start":{"line":143,"column":0},"end":{"line":143,"column":31}},"143":{"start":{"line":144,"column":0},"end":{"line":144,"column":79}},"144":{"start":{"line":145,"column":0},"end":{"line":145,"column":38}},"145":{"start":{"line":146,"column":0},"end":{"line":146,"column":38}},"146":{"start":{"line":147,"column":0},"end":{"line":147,"column":3}},"148":{"start":{"line":149,"column":0},"end":{"line":149,"column":38}},"149":{"start":{"line":150,"column":0},"end":{"line":150,"column":60}},"150":{"start":{"line":151,"column":0},"end":{"line":151,"column":93}},"151":{"start":{"line":152,"column":0},"end":{"line":152,"column":62}},"152":{"start":{"line":153,"column":0},"end":{"line":153,"column":36}},"153":{"start":{"line":154,"column":0},"end":{"line":154,"column":36}},"154":{"start":{"line":155,"column":0},"end":{"line":155,"column":1}},"157":{"start":{"line":158,"column":0},"end":{"line":158,"column":68}},"158":{"start":{"line":159,"column":0},"end":{"line":159,"column":32}},"159":{"start":{"line":160,"column":0},"end":{"line":160,"column":30}},"160":{"start":{"line":161,"column":0},"end":{"line":161,"column":38}},"161":{"start":{"line":162,"column":0},"end":{"line":162,"column":1}},"167":{"start":{"line":168,"column":0},"end":{"line":168,"column":77}},"168":{"start":{"line":169,"column":0},"end":{"line":169,"column":37}},"169":{"start":{"line":170,"column":0},"end":{"line":170,"column":35}},"170":{"start":{"line":171,"column":0},"end":{"line":171,"column":41}},"171":{"start":{"line":172,"column":0},"end":{"line":172,"column":38}},"172":{"start":{"line":173,"column":0},"end":{"line":173,"column":1}},"175":{"start":{"line":176,"column":0},"end":{"line":176,"column":57}},"176":{"start":{"line":177,"column":0},"end":{"line":177,"column":34}},"177":{"start":{"line":178,"column":0},"end":{"line":178,"column":37}},"178":{"start":{"line":179,"column":0},"end":{"line":179,"column":25}},"179":{"start":{"line":180,"column":0},"end":{"line":180,"column":32}},"180":{"start":{"line":181,"column":0},"end":{"line":181,"column":32}},"181":{"start":{"line":182,"column":0},"end":{"line":182,"column":27}},"182":{"start":{"line":183,"column":0},"end":{"line":183,"column":1}},"185":{"start":{"line":186,"column":0},"end":{"line":186,"column":38}},"186":{"start":{"line":187,"column":0},"end":{"line":187,"column":23}},"187":{"start":{"line":188,"column":0},"end":{"line":188,"column":66}},"188":{"start":{"line":189,"column":0},"end":{"line":189,"column":1}}},"s":{"6":1,"10":1,"11":1,"12":1,"13":1,"14":1,"15":1,"17":1,"19":1,"20":2,"21":2,"22":2,"23":2,"26":1,"27":8,"29":8,"30":8,"31":8,"33":8,"34":8,"35":8,"36":7,"37":7,"40":1,"41":1,"42":1,"43":1,"45":1,"46":5,"47":5,"49":4,"50":4,"51":4,"52":4,"53":4,"54":4,"57":1,"58":3,"59":3,"60":2,"61":2,"62":2,"63":12,"64":2,"65":2,"68":1,"69":7,"70":7,"71":6,"72":7,"73":3,"74":3,"75":1,"76":3,"77":3,"78":3,"79":7,"80":2,"81":2,"83":1,"84":2,"85":2,"86":1,"87":1,"90":1,"91":9,"92":6,"93":9,"94":9,"95":9,"96":9,"97":9,"98":1,"99":1,"100":1,"102":1,"103":4,"104":1,"105":1,"106":1,"107":1,"110":1,"111":18,"112":18,"113":18,"116":1,"117":1,"118":1,"121":1,"122":19,"123":19,"124":15,"125":15,"126":19,"127":12,"128":12,"136":1,"137":19,"138":19,"140":17,"141":19,"142":9,"143":9,"144":9,"145":7,"146":7,"148":8,"149":19,"150":19,"151":19,"152":19,"153":4,"154":4,"157":1,"158":3,"159":3,"160":2,"161":2,"167":1,"168":5,"169":5,"170":5,"171":5,"172":5,"175":1,"176":5,"177":3,"178":3,"179":5,"180":5,"181":1,"182":1,"185":1,"186":13,"187":13,"188":13},"branchMap":{"0":{"type":"branch","line":18,"loc":{"start":{"line":18,"column":24},"end":{"line":18,"column":60}},"locations":[{"start":{"line":18,"column":24},"end":{"line":18,"column":60}}]},"1":{"type":"branch","line":20,"loc":{"start":{"line":20,"column":7},"end":{"line":24,"column":1}},"locations":[{"start":{"line":20,"column":7},"end":{"line":24,"column":1}}]},"2":{"type":"branch","line":22,"loc":{"start":{"line":22,"column":12},"end":{"line":22,"column":54}},"locations":[{"start":{"line":22,"column":12},"end":{"line":22,"column":54}}]},"3":{"type":"branch","line":27,"loc":{"start":{"line":27,"column":7},"end":{"line":32,"column":1}},"locations":[{"start":{"line":27,"column":7},"end":{"line":32,"column":1}}]},"4":{"type":"branch","line":30,"loc":{"start":{"line":30,"column":43},"end":{"line":30,"column":51}},"locations":[{"start":{"line":30,"column":43},"end":{"line":30,"column":51}}]},"5":{"type":"branch","line":30,"loc":{"start":{"line":30,"column":47},"end":{"line":30,"column":68}},"locations":[{"start":{"line":30,"column":47},"end":{"line":30,"column":68}}]},"6":{"type":"branch","line":34,"loc":{"start":{"line":34,"column":0},"end":{"line":38,"column":1}},"locations":[{"start":{"line":34,"column":0},"end":{"line":38,"column":1}}]},"7":{"type":"branch","line":36,"loc":{"start":{"line":36,"column":10},"end":{"line":36,"column":30}},"locations":[{"start":{"line":36,"column":10},"end":{"line":36,"column":30}}]},"8":{"type":"branch","line":36,"loc":{"start":{"line":36,"column":28},"end":{"line":38,"column":1}},"locations":[{"start":{"line":36,"column":28},"end":{"line":38,"column":1}}]},"9":{"type":"branch","line":41,"loc":{"start":{"line":41,"column":7},"end":{"line":44,"column":1}},"locations":[{"start":{"line":41,"column":7},"end":{"line":44,"column":1}}]},"10":{"type":"branch","line":43,"loc":{"start":{"line":43,"column":35},"end":{"line":43,"column":59}},"locations":[{"start":{"line":43,"column":35},"end":{"line":43,"column":59}}]},"11":{"type":"branch","line":46,"loc":{"start":{"line":46,"column":7},"end":{"line":55,"column":1}},"locations":[{"start":{"line":46,"column":7},"end":{"line":55,"column":1}}]},"12":{"type":"branch","line":48,"loc":{"start":{"line":48,"column":10},"end":{"line":48,"column":21}},"locations":[{"start":{"line":48,"column":10},"end":{"line":48,"column":21}}]},"13":{"type":"branch","line":48,"loc":{"start":{"line":48,"column":17},"end":{"line":55,"column":1}},"locations":[{"start":{"line":48,"column":17},"end":{"line":55,"column":1}}]},"14":{"type":"branch","line":58,"loc":{"start":{"line":58,"column":7},"end":{"line":66,"column":1}},"locations":[{"start":{"line":58,"column":7},"end":{"line":66,"column":1}}]},"15":{"type":"branch","line":60,"loc":{"start":{"line":60,"column":10},"end":{"line":60,"column":20}},"locations":[{"start":{"line":60,"column":10},"end":{"line":60,"column":20}}]},"16":{"type":"branch","line":60,"loc":{"start":{"line":60,"column":18},"end":{"line":66,"column":1}},"locations":[{"start":{"line":60,"column":18},"end":{"line":66,"column":1}}]},"17":{"type":"branch","line":63,"loc":{"start":{"line":63,"column":35},"end":{"line":64,"column":78}},"locations":[{"start":{"line":63,"column":35},"end":{"line":64,"column":78}}]},"18":{"type":"branch","line":64,"loc":{"start":{"line":64,"column":30},"end":{"line":64,"column":76}},"locations":[{"start":{"line":64,"column":30},"end":{"line":64,"column":76}}]},"19":{"type":"branch","line":69,"loc":{"start":{"line":69,"column":7},"end":{"line":82,"column":1}},"locations":[{"start":{"line":69,"column":7},"end":{"line":82,"column":1}}]},"20":{"type":"branch","line":71,"loc":{"start":{"line":71,"column":10},"end":{"line":71,"column":21}},"locations":[{"start":{"line":71,"column":10},"end":{"line":71,"column":21}}]},"21":{"type":"branch","line":71,"loc":{"start":{"line":71,"column":17},"end":{"line":73,"column":31}},"locations":[{"start":{"line":71,"column":17},"end":{"line":73,"column":31}}]},"22":{"type":"branch","line":73,"loc":{"start":{"line":73,"column":31},"end":{"line":80,"column":47}},"locations":[{"start":{"line":73,"column":31},"end":{"line":80,"column":47}}]},"23":{"type":"branch","line":74,"loc":{"start":{"line":74,"column":20},"end":{"line":74,"column":32}},"locations":[{"start":{"line":74,"column":20},"end":{"line":74,"column":32}}]},"24":{"type":"branch","line":74,"loc":{"start":{"line":74,"column":27},"end":{"line":75,"column":27}},"locations":[{"start":{"line":74,"column":27},"end":{"line":75,"column":27}}]},"25":{"type":"branch","line":75,"loc":{"start":{"line":75,"column":20},"end":{"line":76,"column":33}},"locations":[{"start":{"line":75,"column":20},"end":{"line":76,"column":33}}]},"26":{"type":"branch","line":80,"loc":{"start":{"line":80,"column":40},"end":{"line":80,"column":66}},"locations":[{"start":{"line":80,"column":40},"end":{"line":80,"column":66}}]},"27":{"type":"branch","line":80,"loc":{"start":{"line":80,"column":63},"end":{"line":82,"column":1}},"locations":[{"start":{"line":80,"column":63},"end":{"line":82,"column":1}}]},"28":{"type":"branch","line":84,"loc":{"start":{"line":84,"column":7},"end":{"line":88,"column":1}},"locations":[{"start":{"line":84,"column":7},"end":{"line":88,"column":1}}]},"29":{"type":"branch","line":86,"loc":{"start":{"line":86,"column":10},"end":{"line":88,"column":1}},"locations":[{"start":{"line":86,"column":10},"end":{"line":88,"column":1}}]},"30":{"type":"branch","line":91,"loc":{"start":{"line":91,"column":7},"end":{"line":101,"column":1}},"locations":[{"start":{"line":91,"column":7},"end":{"line":101,"column":1}}]},"31":{"type":"branch","line":92,"loc":{"start":{"line":92,"column":11},"end":{"line":92,"column":23}},"locations":[{"start":{"line":92,"column":11},"end":{"line":92,"column":23}}]},"32":{"type":"branch","line":92,"loc":{"start":{"line":92,"column":18},"end":{"line":94,"column":23}},"locations":[{"start":{"line":92,"column":18},"end":{"line":94,"column":23}}]},"33":{"type":"branch","line":94,"loc":{"start":{"line":94,"column":16},"end":{"line":94,"column":28}},"locations":[{"start":{"line":94,"column":16},"end":{"line":94,"column":28}}]},"34":{"type":"branch","line":94,"loc":{"start":{"line":94,"column":23},"end":{"line":95,"column":28}},"locations":[{"start":{"line":94,"column":23},"end":{"line":95,"column":28}}]},"35":{"type":"branch","line":95,"loc":{"start":{"line":95,"column":21},"end":{"line":95,"column":33}},"locations":[{"start":{"line":95,"column":21},"end":{"line":95,"column":33}}]},"36":{"type":"branch","line":95,"loc":{"start":{"line":95,"column":28},"end":{"line":96,"column":31}},"locations":[{"start":{"line":95,"column":28},"end":{"line":96,"column":31}}]},"37":{"type":"branch","line":96,"loc":{"start":{"line":96,"column":24},"end":{"line":96,"column":66}},"locations":[{"start":{"line":96,"column":24},"end":{"line":96,"column":66}}]},"38":{"type":"branch","line":96,"loc":{"start":{"line":96,"column":59},"end":{"line":97,"column":32}},"locations":[{"start":{"line":96,"column":59},"end":{"line":97,"column":32}}]},"39":{"type":"branch","line":97,"loc":{"start":{"line":97,"column":25},"end":{"line":97,"column":70}},"locations":[{"start":{"line":97,"column":25},"end":{"line":97,"column":70}}]},"40":{"type":"branch","line":97,"loc":{"start":{"line":97,"column":63},"end":{"line":98,"column":36}},"locations":[{"start":{"line":97,"column":63},"end":{"line":98,"column":36}}]},"41":{"type":"branch","line":98,"loc":{"start":{"line":98,"column":29},"end":{"line":101,"column":1}},"locations":[{"start":{"line":98,"column":29},"end":{"line":101,"column":1}}]},"42":{"type":"branch","line":103,"loc":{"start":{"line":103,"column":7},"end":{"line":108,"column":1}},"locations":[{"start":{"line":103,"column":7},"end":{"line":108,"column":1}}]},"43":{"type":"branch","line":104,"loc":{"start":{"line":104,"column":11},"end":{"line":104,"column":22}},"locations":[{"start":{"line":104,"column":11},"end":{"line":104,"column":22}}]},"44":{"type":"branch","line":104,"loc":{"start":{"line":104,"column":18},"end":{"line":108,"column":1}},"locations":[{"start":{"line":104,"column":18},"end":{"line":108,"column":1}}]},"45":{"type":"branch","line":106,"loc":{"start":{"line":106,"column":12},"end":{"line":106,"column":54}},"locations":[{"start":{"line":106,"column":12},"end":{"line":106,"column":54}}]},"46":{"type":"branch","line":111,"loc":{"start":{"line":111,"column":7},"end":{"line":114,"column":1}},"locations":[{"start":{"line":111,"column":7},"end":{"line":114,"column":1}}]},"47":{"type":"branch","line":117,"loc":{"start":{"line":117,"column":7},"end":{"line":119,"column":1}},"locations":[{"start":{"line":117,"column":7},"end":{"line":119,"column":1}}]},"48":{"type":"branch","line":122,"loc":{"start":{"line":122,"column":7},"end":{"line":129,"column":1}},"locations":[{"start":{"line":122,"column":7},"end":{"line":129,"column":1}}]},"49":{"type":"branch","line":123,"loc":{"start":{"line":123,"column":39},"end":{"line":123,"column":46}},"locations":[{"start":{"line":123,"column":39},"end":{"line":123,"column":46}}]},"50":{"type":"branch","line":124,"loc":{"start":{"line":124,"column":10},"end":{"line":124,"column":22}},"locations":[{"start":{"line":124,"column":10},"end":{"line":124,"column":22}}]},"51":{"type":"branch","line":124,"loc":{"start":{"line":124,"column":17},"end":{"line":127,"column":16}},"locations":[{"start":{"line":124,"column":17},"end":{"line":127,"column":16}}]},"52":{"type":"branch","line":127,"loc":{"start":{"line":127,"column":10},"end":{"line":127,"column":26}},"locations":[{"start":{"line":127,"column":10},"end":{"line":127,"column":26}}]},"53":{"type":"branch","line":127,"loc":{"start":{"line":127,"column":26},"end":{"line":127,"column":38}},"locations":[{"start":{"line":127,"column":26},"end":{"line":127,"column":38}}]},"54":{"type":"branch","line":127,"loc":{"start":{"line":127,"column":33},"end":{"line":129,"column":1}},"locations":[{"start":{"line":127,"column":33},"end":{"line":129,"column":1}}]},"55":{"type":"branch","line":137,"loc":{"start":{"line":137,"column":7},"end":{"line":155,"column":1}},"locations":[{"start":{"line":137,"column":7},"end":{"line":155,"column":1}}]},"56":{"type":"branch","line":138,"loc":{"start":{"line":138,"column":13},"end":{"line":138,"column":24}},"locations":[{"start":{"line":138,"column":13},"end":{"line":138,"column":24}}]},"57":{"type":"branch","line":139,"loc":{"start":{"line":139,"column":10},"end":{"line":139,"column":22}},"locations":[{"start":{"line":139,"column":10},"end":{"line":139,"column":22}}]},"58":{"type":"branch","line":139,"loc":{"start":{"line":139,"column":17},"end":{"line":142,"column":13}},"locations":[{"start":{"line":139,"column":17},"end":{"line":142,"column":13}}]},"59":{"type":"branch","line":142,"loc":{"start":{"line":142,"column":13},"end":{"line":147,"column":3}},"locations":[{"start":{"line":142,"column":13},"end":{"line":147,"column":3}}]},"60":{"type":"branch","line":144,"loc":{"start":{"line":144,"column":27},"end":{"line":144,"column":58}},"locations":[{"start":{"line":144,"column":27},"end":{"line":144,"column":58}}]},"61":{"type":"branch","line":144,"loc":{"start":{"line":144,"column":53},"end":{"line":144,"column":62}},"locations":[{"start":{"line":144,"column":53},"end":{"line":144,"column":62}}]},"62":{"type":"branch","line":144,"loc":{"start":{"line":144,"column":58},"end":{"line":144,"column":79}},"locations":[{"start":{"line":144,"column":58},"end":{"line":144,"column":79}}]},"63":{"type":"branch","line":145,"loc":{"start":{"line":145,"column":12},"end":{"line":145,"column":26}},"locations":[{"start":{"line":145,"column":12},"end":{"line":145,"column":26}}]},"64":{"type":"branch","line":145,"loc":{"start":{"line":145,"column":26},"end":{"line":145,"column":38}},"locations":[{"start":{"line":145,"column":26},"end":{"line":145,"column":38}}]},"65":{"type":"branch","line":145,"loc":{"start":{"line":145,"column":33},"end":{"line":147,"column":3}},"locations":[{"start":{"line":145,"column":33},"end":{"line":147,"column":3}}]},"66":{"type":"branch","line":147,"loc":{"start":{"line":147,"column":2},"end":{"line":150,"column":29}},"locations":[{"start":{"line":147,"column":2},"end":{"line":150,"column":29}}]},"67":{"type":"branch","line":150,"loc":{"start":{"line":150,"column":24},"end":{"line":150,"column":48}},"locations":[{"start":{"line":150,"column":24},"end":{"line":150,"column":48}}]},"68":{"type":"branch","line":150,"loc":{"start":{"line":150,"column":48},"end":{"line":150,"column":60}},"locations":[{"start":{"line":150,"column":48},"end":{"line":150,"column":60}}]},"69":{"type":"branch","line":150,"loc":{"start":{"line":150,"column":55},"end":{"line":151,"column":33}},"locations":[{"start":{"line":150,"column":55},"end":{"line":151,"column":33}}]},"70":{"type":"branch","line":151,"loc":{"start":{"line":151,"column":29},"end":{"line":151,"column":50}},"locations":[{"start":{"line":151,"column":29},"end":{"line":151,"column":50}}]},"71":{"type":"branch","line":151,"loc":{"start":{"line":151,"column":46},"end":{"line":151,"column":93}},"locations":[{"start":{"line":151,"column":46},"end":{"line":151,"column":93}}]},"72":{"type":"branch","line":152,"loc":{"start":{"line":152,"column":29},"end":{"line":152,"column":37}},"locations":[{"start":{"line":152,"column":29},"end":{"line":152,"column":37}}]},"73":{"type":"branch","line":152,"loc":{"start":{"line":152,"column":33},"end":{"line":152,"column":62}},"locations":[{"start":{"line":152,"column":33},"end":{"line":152,"column":62}}]},"74":{"type":"branch","line":153,"loc":{"start":{"line":153,"column":10},"end":{"line":153,"column":24}},"locations":[{"start":{"line":153,"column":10},"end":{"line":153,"column":24}}]},"75":{"type":"branch","line":153,"loc":{"start":{"line":153,"column":24},"end":{"line":153,"column":36}},"locations":[{"start":{"line":153,"column":24},"end":{"line":153,"column":36}}]},"76":{"type":"branch","line":153,"loc":{"start":{"line":153,"column":31},"end":{"line":155,"column":1}},"locations":[{"start":{"line":153,"column":31},"end":{"line":155,"column":1}}]},"77":{"type":"branch","line":158,"loc":{"start":{"line":158,"column":7},"end":{"line":162,"column":1}},"locations":[{"start":{"line":158,"column":7},"end":{"line":162,"column":1}}]},"78":{"type":"branch","line":160,"loc":{"start":{"line":160,"column":21},"end":{"line":160,"column":30}},"locations":[{"start":{"line":160,"column":21},"end":{"line":160,"column":30}}]},"79":{"type":"branch","line":160,"loc":{"start":{"line":160,"column":28},"end":{"line":162,"column":1}},"locations":[{"start":{"line":160,"column":28},"end":{"line":162,"column":1}}]},"80":{"type":"branch","line":168,"loc":{"start":{"line":168,"column":7},"end":{"line":173,"column":1}},"locations":[{"start":{"line":168,"column":7},"end":{"line":173,"column":1}}]},"81":{"type":"branch","line":171,"loc":{"start":{"line":171,"column":12},"end":{"line":171,"column":32}},"locations":[{"start":{"line":171,"column":12},"end":{"line":171,"column":32}}]},"82":{"type":"branch","line":171,"loc":{"start":{"line":171,"column":32},"end":{"line":171,"column":41}},"locations":[{"start":{"line":171,"column":32},"end":{"line":171,"column":41}}]},"83":{"type":"branch","line":171,"loc":{"start":{"line":171,"column":39},"end":{"line":172,"column":17}},"locations":[{"start":{"line":171,"column":39},"end":{"line":172,"column":17}}]},"84":{"type":"branch","line":172,"loc":{"start":{"line":172,"column":13},"end":{"line":172,"column":25}},"locations":[{"start":{"line":172,"column":13},"end":{"line":172,"column":25}}]},"85":{"type":"branch","line":172,"loc":{"start":{"line":172,"column":21},"end":{"line":172,"column":38}},"locations":[{"start":{"line":172,"column":21},"end":{"line":172,"column":38}}]},"86":{"type":"branch","line":176,"loc":{"start":{"line":176,"column":7},"end":{"line":183,"column":1}},"locations":[{"start":{"line":176,"column":7},"end":{"line":183,"column":1}}]},"87":{"type":"branch","line":177,"loc":{"start":{"line":177,"column":20},"end":{"line":177,"column":34}},"locations":[{"start":{"line":177,"column":20},"end":{"line":177,"column":34}}]},"88":{"type":"branch","line":177,"loc":{"start":{"line":177,"column":27},"end":{"line":180,"column":22}},"locations":[{"start":{"line":177,"column":27},"end":{"line":180,"column":22}}]},"89":{"type":"branch","line":180,"loc":{"start":{"line":180,"column":15},"end":{"line":180,"column":32}},"locations":[{"start":{"line":180,"column":15},"end":{"line":180,"column":32}}]},"90":{"type":"branch","line":180,"loc":{"start":{"line":180,"column":26},"end":{"line":181,"column":22}},"locations":[{"start":{"line":180,"column":26},"end":{"line":181,"column":22}}]},"91":{"type":"branch","line":181,"loc":{"start":{"line":181,"column":15},"end":{"line":183,"column":1}},"locations":[{"start":{"line":181,"column":15},"end":{"line":183,"column":1}}]},"92":{"type":"branch","line":186,"loc":{"start":{"line":186,"column":7},"end":{"line":189,"column":1}},"locations":[{"start":{"line":186,"column":7},"end":{"line":189,"column":1}}]}},"b":{"0":[19],"1":[2],"2":[4],"3":[8],"4":[2],"5":[6],"6":[8],"7":[1],"8":[7],"9":[1],"10":[7],"11":[5],"12":[1],"13":[4],"14":[3],"15":[1],"16":[2],"17":[12],"18":[84],"19":[7],"20":[1],"21":[6],"22":[3],"23":[1],"24":[2],"25":[1],"26":[1],"27":[2],"28":[2],"29":[1],"30":[9],"31":[3],"32":[6],"33":[1],"34":[5],"35":[1],"36":[4],"37":[1],"38":[3],"39":[1],"40":[2],"41":[1],"42":[4],"43":[3],"44":[1],"45":[4],"46":[18],"47":[1],"48":[19],"49":[1],"50":[4],"51":[15],"52":[13],"53":[3],"54":[12],"55":[19],"56":[1],"57":[2],"58":[17],"59":[9],"60":[8],"61":[1],"62":[8],"63":[8],"64":[2],"65":[7],"66":[8],"67":[7],"68":[2],"69":[6],"70":[4],"71":[2],"72":[4],"73":[2],"74":[4],"75":[2],"76":[4],"77":[3],"78":[1],"79":[2],"80":[5],"81":[4],"82":[2],"83":[3],"84"
[...]
:{"line":199,"column":28}},"199":{"start":{"line":200,"column":0},"end":{"line":200,"column":23}},"200":{"start":{"line":201,"column":0},"end":{"line":201,"column":31}},"201":{"start":{"line":202,"column":0},"end":{"line":202,"column":7}},"202":{"start":{"line":203,"column":0},"end":{"line":203,"column":4}},"204":{"start":{"line":205,"column":0},"end":{"line":205,"column":17}},"205":{"start":{"line":206,"column":0},"end":{"line":206,"column":25}},"206":{"start":{"line":207,"column":0},"end":{"line":207,"column":31}},"207":{"start":{"line":208,"column":0},"end":{"line":208,"column":13}},"208":{"start":{"line":209,"column":0},"end":{"line":209,"column":5}},"210":{"start":{"line":211,"column":0},"end":{"line":211,"column":56}},"211":{"start":{"line":212,"column":0},"end":{"line":212,"column":34}},"212":{"start":{"line":213,"column":0},"end":{"line":213,"column":4}},"213":{"start":{"line":214,"column":0},"end":{"line":214,"column":4}},"216":{"start":{"line":217,"column":0},"end":{"line":217,"column":23}},"217":{"start":{"line":218,"column":0},"end":{"line":218,"column":95}},"218":{"start":{"line":219,"column":0},"end":{"line":219,"column":91}},"219":{"start":{"line":220,"column":0},"end":{"line":220,"column":95}},"220":{"start":{"line":221,"column":0},"end":{"line":221,"column":35}},"221":{"start":{"line":222,"column":0},"end":{"line":222,"column":76}},"222":{"start":{"line":223,"column":0},"end":{"line":223,"column":2}},"231":{"start":{"line":232,"column":0},"end":{"line":232,"column":51}},"233":{"start":{"line":234,"column":0},"end":{"line":234,"column":36}},"235":{"start":{"line":236,"column":0},"end":{"line":236,"column":26}},"236":{"start":{"line":237,"column":0},"end":{"line":237,"column":68}},"237":{"start":{"line":238,"column":0},"end":{"line":238,"column":47}},"238":{"start":{"line":239,"column":0},"end":{"line":239,"column":53}},"239":{"start":{"line":240,"column":0},"end":{"line":240,"column":7}},"240":{"start":{"line":241,"column":0},"end":{"line":241,"column":3}},"243":{"start":{"line":244,"column":0},"end":{"line":244,"column":81}},"244":{"start":{"line":245,"column":0},"end":{"line":245,"column":83}},"246":{"start":{"line":247,"column":0},"end":{"line":247,"column":64}},"248":{"start":{"line":249,"column":0},"end":{"line":249,"column":23}},"249":{"start":{"line":250,"column":0},"end":{"line":250,"column":43}},"250":{"start":{"line":251,"column":0},"end":{"line":251,"column":46}},"251":{"start":{"line":252,"column":0},"end":{"line":252,"column":5}},"253":{"start":{"line":254,"column":0},"end":{"line":254,"column":49}},"254":{"start":{"line":255,"column":0},"end":{"line":255,"column":24}},"255":{"start":{"line":256,"column":0},"end":{"line":256,"column":67}},"256":{"start":{"line":257,"column":0},"end":{"line":257,"column":47}},"257":{"start":{"line":258,"column":0},"end":{"line":258,"column":5}},"258":{"start":{"line":259,"column":0},"end":{"line":259,"column":1}}},"s":{"6":1,"7":1,"30":1,"61":1,"62":4,"63":4,"66":1,"67":2,"68":2,"70":56,"74":56,"75":56,"76":56,"78":56,"80":1,"82":1,"83":56,"89":56,"90":56,"91":56,"92":56,"93":56,"94":56,"95":56,"100":56,"101":4,"102":4,"103":4,"105":56,"106":3,"107":3,"108":3,"109":3,"111":56,"112":1,"113":1,"114":1,"116":56,"117":1,"118":1,"119":1,"121":56,"122":1,"123":1,"124":1,"127":56,"128":34,"129":34,"130":34,"131":34,"132":34,"133":34,"134":34,"135":34,"136":34,"137":34,"138":34,"139":34,"140":34,"141":34,"142":34,"144":56,"145":3,"146":3,"149":56,"150":4,"151":4,"152":3,"153":3,"154":3,"155":4,"156":1,"157":1,"158":2,"159":2,"160":4,"162":1,"163":4,"166":56,"167":9,"168":8,"170":7,"171":7,"172":7,"175":6,"176":6,"177":2,"178":2,"179":2,"180":4,"181":2,"182":2,"183":1,"185":1,"186":1,"187":1,"188":1,"189":1,"190":4,"191":7,"192":7,"193":1,"194":7,"196":7,"197":7,"198":2,"199":1,"200":1,"201":7,"202":9,"204":56,"205":2,"206":1,"207":1,"208":1,"210":1,"211":1,"212":2,"213":1,"216":1,"217":1,"218":1,"219":1,"220":1,"221":12,"222":1,"231":1,"233":1,"235":1,"236":1,"237":1,"238":1,"239":1,"240":1,"243":1,"244":1,"246":1,"248":5,"249":5,"250":5,"251":1,"253":1,"254":2,"255":2,"256":2,"257":1,"258":1},"branchMap":{"0":{"type":"branch","line":62,"loc":{"start":{"line":62,"column":7},"end":{"line":64,"column":1}},"locations":[{"start":{"line":62,"column":7},"end":{"line":64,"column":1}}]},"1":{"type":"branch","line":63,"loc":{"start":{"line":63,"column":25},"end":{"line":63,"column":70}},"locations":[{"start":{"line":63,"column":25},"end":{"line":63,"column":70}}]},"2":{"type":"branch","line":63,"loc":{"start":{"line":63,"column":37},"end":{"line":63,"column":59}},"locations":[{"start":{"line":63,"column":37},"end":{"line":63,"column":59}}]},"3":{"type":"branch","line":63,"loc":{"start":{"line":63,"column":50},"end":{"line":63,"column":70}},"locations":[{"start":{"line":63,"column":50},"end":{"line":63,"column":70}}]},"4":{"type":"branch","line":63,"loc":{"start":{"line":63,"column":59},"end":{"line":63,"column":82}},"locations":[{"start":{"line":63,"column":59},"end":{"line":63,"column":82}}]},"5":{"type":"branch","line":67,"loc":{"start":{"line":67,"column":7},"end":{"line":69,"column":1}},"locations":[{"start":{"line":67,"column":7},"end":{"line":69,"column":1}}]},"6":{"type":"branch","line":68,"loc":{"start":{"line":68,"column":9},"end":{"line":68,"column":29}},"locations":[{"start":{"line":68,"column":9},"end":{"line":68,"column":29}}]},"7":{"type":"branch","line":68,"loc":{"start":{"line":68,"column":24},"end":{"line":68,"column":32}},"locations":[{"start":{"line":68,"column":24},"end":{"line":68,"column":32}}]},"8":{"type":"branch","line":71,"loc":{"start":{"line":71,"column":0},"end":{"line":79,"column":1}},"locations":[{"start":{"line":71,"column":0},"end":{"line":79,"column":1}}]},"9":{"type":"branch","line":74,"loc":{"start":{"line":74,"column":37},"end":{"line":74,"column":50}},"locations":[{"start":{"line":74,"column":37},"end":{"line":74,"column":50}}]},"10":{"type":"branch","line":83,"loc":{"start":{"line":83,"column":42},"end":{"line":214,"column":2}},"locations":[{"start":{"line":83,"column":42},"end":{"line":214,"column":2}}]},"11":{"type":"branch","line":88,"loc":{"start":{"line":88,"column":56},"end":{"line":89,"column":12}},"locations":[{"start":{"line":88,"column":56},"end":{"line":89,"column":12}}]},"12":{"type":"branch","line":98,"loc":{"start":{"line":98,"column":31},"end":{"line":98,"column":52}},"locations":[{"start":{"line":98,"column":31},"end":{"line":98,"column":52}}]},"13":{"type":"branch","line":101,"loc":{"start":{"line":101,"column":2},"end":{"line":104,"column":4}},"locations":[{"start":{"line":101,"column":2},"end":{"line":104,"column":4}}]},"14":{"type":"branch","line":106,"loc":{"start":{"line":106,"column":2},"end":{"line":110,"column":4}},"locations":[{"start":{"line":106,"column":2},"end":{"line":110,"column":4}}]},"15":{"type":"branch","line":108,"loc":{"start":{"line":108,"column":36},"end":{"line":108,"column":55}},"locations":[{"start":{"line":108,"column":36},"end":{"line":108,"column":55}}]},"16":{"type":"branch","line":108,"loc":{"start":{"line":108,"column":45},"end":{"line":108,"column":89}},"locations":[{"start":{"line":108,"column":45},"end":{"line":108,"column":89}}]},"17":{"type":"branch","line":108,"loc":{"start":{"line":108,"column":63},"end":{"line":108,"column":82}},"locations":[{"start":{"line":108,"column":63},"end":{"line":108,"column":82}}]},"18":{"type":"branch","line":108,"loc":{"start":{"line":108,"column":73},"end":{"line":108,"column":89}},"locations":[{"start":{"line":108,"column":73},"end":{"line":108,"column":89}}]},"19":{"type":"branch","line":112,"loc":{"start":{"line":112,"column":2},"end":{"line":115,"column":4}},"locations":[{"start":{"line":112,"column":2},"end":{"line":115,"column":4}}]},"20":{"type":"branch","line":117,"loc":{"start":{"line":117,"column":2},"end":{"line":120,"column":4}},"locations":[{"start":{"line":117,"column":2},"end":{"line":120,"column":4}}]},"21":{"type":"branch","line":122,"loc":{"start":{"line":122,"column":2},"end":{"line":125,"column":4}},"locations":[{"start":{"line":122,"column":2},"end":{"line":125,"column":4}}]},"22":{"type":"branch","line":128,"loc":{"start":{"line":128,"column":2},"end":{"line":143,"column":4}},"locations":[{"start":{"line":128,"column":2},"end":{"line":143,"column":4}}]},"23":{"type":"branch","line":132,"loc":{"start":{"line":132,"column":17},"end":{"line":132,"column":32}},"locations":[{"start":{"line":132,"column":17},"end":{"line":132,"column":32}}]},"24":{"type":"branch","line":136,"loc":{"start":{"line":136,"column":16},"end":{"line":136,"column":51}},"locations":[{"start":{"line":136,"column":16},"end":{"line":136,"column":51}}]},"25":{"type":"branch","line":136,"loc":{"start":{"line":136,"column":29},"end":{"line":136,"column":45}},"locations":[{"start":{"line":136,"column":29},"end":{"line":136,"column":45}}]},"26":{"type":"branch","line":136,"loc":{"start":{"line":136,"column":38},"end":{"line":136,"column":51}},"locations":[{"start":{"line":136,"column":38},"end":{"line":136,"column":51}}]},"27":{"type":"branch","line":138,"loc":{"start":{"line":138,"column":8},"end":{"line":138,"column":48}},"locations":[{"start":{"line":138,"column":8},"end":{"line":138,"column":48}}]},"28":{"type":"branch","line":140,"loc":{"start":{"line":140,"column":17},"end":{"line":140,"column":42}},"locations":[{"start":{"line":140,"column":17},"end":{"line":140,"column":42}}]},"29":{"type":"branch","line":145,"loc":{"start":{"line":145,"column":2},"end":{"line":147,"column":4}},"locations":[{"start":{"line":145,"column":2},"end":{"line":147,"column":4}}]},"30":{"type":"branch","line":146,"loc":{"start":{"line":146,"column":8},"end":{"line":146,"column":64}},"locations":[{"start":{"line":146,"column":8},"end":{"line":146,"column":64}}]},"31":{"type":"branch","line":146,"loc":{"start":{"line":146,"column":42},"end":{"line":146,"column":60}},"locations":[{"start":{"line":146,"column":42},"end":{"line":146,"column":60}}]},"32":{"type":"branch","line":150,"loc":{"start":{"line":150,"column":2},"end":{"line":164,"column":4}},"locations":[{"start":{"line":150,"column":2},"end":{"line":164,"column":4}}]},"33":{"type":"branch","line":152,"loc":{"start":{"line":152,"column":13},"end":{"line":152,"column":20}},"locations":[{"start":{"line":152,"column":13},"end":{"line":152,"column":20}}]},"34":{"type":"branch","line":152,"loc":{"start":{"line":152,"column":13},"end":{"line":155,"column":41}},"locations":[{"start":{"line":152,"column":13},"end":{"line":155,"column":41}}]},"35":{"type":"branch","line":155,"loc":{"start":{"line":155,"column":30},"end":{"line":156,"column":30}},"locations":[{"start":{"line":155,"column":30},"end":{"line":156,"column":30}}]},"36":{"type":"branch","line":156,"loc":{"start":{"line":156,"column":42},"end":{"line":158,"column":7}},"locations":[{"start":{"line":156,"column":42},"end":{"line":158,"column":7}}]},"37":{"type":"branch","line":158,"loc":{"start":{"line":158,"column":6},"end":{"line":161,"column":12}},"locations":[{"start":{"line":158,"column":6},"end":{"line":161,"column":12}}]},"38":{"type":"branch","line":161,"loc":{"start":{"line":161,"column":4},"end":{"line":163,"column":5}},"locations":[{"start":{"line":161,"column":4},"end":{"line":163,"column":5}}]},"39":{"type":"branch","line":167,"loc":{"start":{"line":167,"column":2},"end":{"line":203,"column":4}},"locations":[{"start":{"line":167,"column":2},"end":{"line":203,"column":4}}]},"40":{"type":"branch","line":168,"loc":{"start":{"line":168,"column":77},"end":{"line":168,"column":84}},"locations":[{"start":{"line":168,"column":77},"end":{"line":168,"column":84}}]},"41":{"type":"branch","line":168,"loc":{"start":{"line":168,"column":77},"end":{"line":169,"column":53}},"locations":[{"start":{"line":168,"column":77},"end":{"line":169,"column":53}}]},"42":{"type":"branch","line":169,"loc":{"start":{"line":169,"column":29},"end":{"line":169,"column":53}},"locations":[{"start":{"line":169,"column":29},"end":{"line":169,"column":53}}]},"43":{"type":"branch","line":169,"loc":{"start":{"line":169,"column":29},"end":{"line":202,"column":7}},"locations":[{"start":{"line":169,"column":29},"end":{"line":202,"column":7}}]},"44":{"type":"branch","line":173,"loc":{"start":{"line":173,"column":12},"end":{"line":192,"column":7}},"locations":[{"start":{"line":173,"column":12},"end":{"line":192,"column":7}}]},"45":{"type":"branch","line":176,"loc":{"start":{"line":176,"column":18},"end":{"line":176,"column":25}},"locations":[{"start":{"line":176,"column":18},"end":{"line":176,"column":25}}]},"46":{"type":"branch","line":176,"loc":{"start":{"line":176,"column":18},"end":{"line":177,"column":25}},"locations":[{"start":{"line":176,"column":18},"end":{"line":177,"column":25}}]},"47":{"type":"branch","line":177,"loc":{"start":{"line":177,"column":25},"end":{"line":180,"column":9}},"locations":[{"start":{"line":177,"column":25},"end":{"line":180,"column":9}}]},"48":{"type":"branch","line":180,"loc":{"start":{"line":180,"column":8},"end":{"line":191,"column":11}},"locations":[{"start":{"line":180,"column":8},"end":{"line":191,"column":11}}]},"49":{"type":"branch","line":181,"loc":{"start":{"line":181,"column":44},"end":{"line":191,"column":9}},"locations":[{"start":{"line":181,"column":44},"end":{"line":191,"column":9}}]},"50":{"type":"branch","line":183,"loc":{"start":{"line":183,"column":27},"end":{"line":190,"column":13}},"locations":[{"start":{"line":183,"column":27},"end":{"line":190,"column":13}}]},"51":{"type":"branch","line":184,"loc":{"start":{"line":184,"column":53},"end":{"line":190,"column":11}},"locations":[{"start":{"line":184,"column":53},"end":{"line":190,"column":11}}]},"52":{"type":"branch","line":193,"loc":{"start":{"line":193,"column":13},"end":{"line":195,"column":7}},"locations":[{"start":{"line":193,"column":13},"end":{"line":195,"column":7}}]},"53":{"type":"branch","line":198,"loc":{"start":{"line":198,"column":65},"end":{"line":202,"column":5}},"locations":[{"start":{"line":198,"column":65},"end":{"line":202,"column":5}}]},"54":{"type":"branch","line":199,"loc":{"start":{"line":199,"column":21},"end":{"line":201,"column":31}},"locations":[{"start":{"line":199,"column":21},"end":{"line":201,"column":31}}]},"55":{"type":"branch","line":205,"loc":{"start":{"line":205,"column":2},"end":{"line":213,"column":4}},"locations":[{"start":{"line":205,"column":2},"end":{"line":213,"column":4}}]},"56":{"type":"branch","line":206,"loc":{"start":{"line":206,"column":24},"end":{"line":212,"column":34}},"locations":[{"start":{"line":206,"column":24},"end":{"line":212,"column":34}}]},"57":{"type":"branch","line":218,"loc":{"start":{"line":218,"column":8},"end":{"line":218,"column":95}},"locations":[{"start":{"line":218,"column":8},"end":{"line":218,"column":95}}]},"58":{"type":"branch","line":219,"loc":{"start":{"line":219,"column":6},"end":{"line":219,"column":91}},"locations":[{"start":{"line":219,"column":6},"end":{"line":219,"column":91}}]},"59":{"type":"branch","line":220,"loc":{"start":{"line":220,"column":8},"end":{"line":220,"column":95}},"locations":[{"start":{"line":220,"column":8},"end":{"line":220,"column":95}}]},"60":{"type":"branch","line":221,"loc":{"start":{"line":221,"column":9},"end":{"line":222,"column":76}},"locations":[{"start":{"line":221,"column":9},"end":{"line":222,"column":76}}]},"61":{"type":"branch","line":238,"loc":{"start":{"line":238,"column":39},"end":{"line":240,"column":5}},"locations":[{"start":{"line":238,"column":39},"end":{"line":240,"column":5}}]},"62":{"type":"branch","line":244,"loc":{"start":{"line":244,"column":36},"end":{"line":244,"column":79}},"locations":[{"start":{"line":244,"column":36},"end":{"line":244,"column":79}}]},"63":{"type":"branch","line":245,"loc":{"start":{"line":245,"column":37},"end":{"line":245,"column":81}},"locations":[{"start":{"line":245,"column":37},"end":{"line":245,"column":81}}]},"64":{"type":"branch","line":247,"loc":{"start":{"line":247,"column":49},"end":{"line":252,"column":3}},"locations":[{"start":{"line":247,"column":49},"end":{"line":252,"column":3}}]},"65":{"type":"branch","line":254,"loc":{"start":{"line":254,"column":42},"end":{"line":258,"column":3}},"locations":[{"start":{"line":254,"column":42},"end":{"line":258,"column":3}}]}},"b":{"0":[4],"1":[2],"2":[1],"3":[1],"4":[2],"5":[2],"6":[1],"7":[1],"8":[56],"9":[1],"10":[56],"11":[1],"12":[1],"13":[4],"14":[3],"15":[1],"16":[2],"17":[1],"18":[1],"19":[1],"20":[1],"21":[1],"22":[34],"23":[4],"24":[21],"25":[1],"26":[20],"27":[34],"28":[1],"29":[3],"30":[3],"31":[3],"32":[4],"33":[1],"34":[3],"35":[2],"36":[1],"37":[2],"38":[1],"39":[9],"40":[1],"41":[8],"42":[1],"43":[7],"44":[6],"45":[2],"46":[4],"47":[2],"48":[4],"49":[2],"50":[1],"51":[1],"52":[1],"53":[2],"54":[1],"55":[2],"56":[1],"57":[1],"58":[15],"59":[1],"60":[12],"61":[1],"62":[1],"63":[1],"64":[5],"65":[2]},"fnMap":{"0":{"name":"uiMode","decl":{"start":{"line":62,"column":7},"end":{"line":64,"column":1}},"loc":{"start":{"line":62,"column":7},"end":{"line":64,"column":1}},"line":62},"1":{"name":"uiHourHeight","decl":{"start":{"line":67,"column":7},"end":{"line":69,"column":1}},"loc":{"start":{"line":67,"column":7},"end":{"line":69,"column":1}},"line":67},"2":{"name":"detectStandalone","decl":{"start":{"line":71,"column":0},"end":{"line":79,"column":1}},"loc":{"start":{"line":71,"column":0},"end":{"line":79,"column":1}},"line":71},"3":{"name":"setThemePref","decl":{"start":{"line":101,"column":2},"end":{"line":104,"column":4}},"loc":{"start":{"line":101,"column":2},"end":{"line":104,"column":4}},"line":101},"4":{"name":"cycleTheme","decl":{"start":{"line":106,"column":2},"end":{"line":110,"column":4}},"loc":{"start":{"line":106,"column":2},"end":{"line":110,"column":4}},"line":106},"5":{"name":"setWeekStart","decl":{"start":{"line":112,"column":2},"end":{"line":115,"column":4}},"loc":{"start":{"line":112,"column":2},"end":{"line":115,"column":4}},"line":112},"6":{"name":"setCompactHours","decl":{"start":{"line":117,"column":2},"end":{"line":120,"column":4}},"loc":{"start":{"line":117,"column":2},"end":{"line":120,"column":4}},"line":117},"7":{"name":"setSidebarCollapsed","decl":{"start":{"line":122,"column":2},"end":{"line":125,"column":4}},"loc":{"start":{"line":122,"column":2},"end":{"line":125,"column":4}},"line":122},"8":{"name":"toast","decl":{"start":{"line":128,"column":2},"end":{"line":143,"column":4}},"loc":{"start":{"line":128,"column":2},"end":{"line":143,"column":4}},"line":128},"9":{"name":"dismiss","decl":{"start":{"line":145,"column":2},"end":{"line":147,"column":4}},"loc":{"start":{"line":145,"column":2},"end":{"line":147,"column":4}},"line":145},"10":{"name":"promptInstall","decl":{"start":{"line":150,"column":2},"end":{"line":164,"column":4}},"loc":{"start":{"line":150,"column":2},"end":{"line":164,"column":4}},"line":150},"11":{"name":"bindServiceWorker","decl":{"start":{"line":167,"column":2},"end":{"line":203,"column":4}},"loc":{"start":{"line":167,"column":2},"end":{"line":203,"column":4}},"line":167},"12":{"name":"applyUpdate","decl":{"start":{"line":205,"column":2},"end":{"line":213,"column":4}},"loc":{"start":{"line":205,"column":2},"end":{"line":213,"column":4}},"line":205},"13":{"name":"info","decl":{"start":{"line":218,"column":8},"end":{"line":218,"column":95}},"loc":{"start":{"line":218,"column":8},"end":{"line":218,"column":95}},"line":218},"14":{"name":"ok","decl":{"start":{"line":219,"column":6},"end":{"line":219,"column":91}},"loc":{"start":{"line":219,"column":6},"end":{"line":219,"column":91}},"line":219},"15":{"name":"warn","decl":{"start":{"line":220,"column":8},"end":{"line":220,"column":95}},"loc":{"start":{"line":220,"column":8},"end":{"line":220,"column":95}},"line":220},"16":{"name":"error","decl":{"start":{"line":221,"column":9},"end":{"line":222,"column":76}},"loc":{"start":{"line":221,"column":9},"end":{"line":222,"column":76}},"line":221}},"f":{"0":4,"1":2,"2":56,"3":4,"4":3,"5":1,"6":1,"7":1,"8":34,"9":3,"10":4,"11":9,"12":2,"13":1,"14":15,"15":1,"16":12}}
}
