{"total": {"lines":{"total":2055,"covered":2055,"skipped":0,"pct":100},"statements":{"total":2055,"covered":2055,"skipped":0,"pct":100},"functions":{"total":215,"covered":215,"skipped":0,"pct":100},"branches":{"total":888,"covered":888,"skipped":0,"pct":100},"branchesTrue":{"total":0,"covered":0,"skipped":0,"pct":100}}
,"D:\\Files\\development\\twische\\web\\src\\hooks\\useNow.ts": {"lines":{"total":50,"covered":50,"skipped":0,"pct":100},"functions":{"total":6,"covered":6,"skipped":0,"pct":100},"statements":{"total":50,"covered":50,"skipped":0,"pct":100},"branches":{"total":17,"covered":17,"skipped":0,"pct":100}}
,"D:\\Files\\development\\twische\\web\\src\\hooks\\usePopover.ts": {"lines":{"total":102,"covered":102,"skipped":0,"pct":100},"functions":{"total":5,"covered":5,"skipped":0,"pct":100},"statements":{"total":102,"covered":102,"skipped":0,"pct":100},"branches":{"total":38,"covered":38,"skipped":0,"pct":100}}
,"D:\\Files\\development\\twische\\web\\src\\hooks\\useSyncTick.ts": {"lines":{"total":16,"covered":16,"skipped":0,"pct":100},"functions":{"total":3,"covered":3,"skipped":0,"pct":100},"statements":{"total":16,"covered":16,"skipped":0,"pct":100},"branches":{"total":5,"covered":5,"skipped":0,"pct":100}}
,"D:\\Files\\development\\twische\\web\\src\\lib\\api.ts": {"lines":{"total":126,"covered":126,"skipped":0,"pct":100},"functions":{"total":21,"covered":21,"skipped":0,"pct":100},"statements":{"total":126,"covered":126,"skipped":0,"pct":100},"branches":{"total":55,"covered":55,"skipped":0,"pct":100}}
,"D:\\Files\\development\\twische\\web\\src\\lib\\datetime.ts": {"lines":{"total":136,"covered":136,"skipped":0,"pct":100},"functions":{"total":21,"covered":21,"skipped":0,"pct":100},"statements":{"total":136,"covered":136,"skipped":0,"pct":100},"branches":{"total":93,"covered":93,"skipped":0,"pct":100}}
,"D:\\Files\\development\\twische\\web\\src\\lib\\id.ts": {"lines":{"total":20,"covered":20,"skipped":0,"pct":100},"functions":{"total":2,"covered":2,"skipped":0,"pct":100},"statements":{"total":20,"covered":20,"skipped":0,"pct":100},"branches":{"total":9,"covered":9,"skipped":0,"pct":100}}
,"D:\\Files\\development\\twische\\web\\src\\lib\\idb.ts": {"lines":{"total":85,"covered":85,"skipped":0,"pct":100},"functions":{"total":20,"covered":20,"skipped":0,"pct":100},"statements":{"total":85,"covered":85,"skipped":0,"pct":100},"branches":{"total":44,"covered":44,"skipped":0,"pct":100}}
,"D:\\Files\\development\\twische\\web\\src\\lib\\layout.ts": {"lines":{"total":40,"covered":40,"skipped":0,"pct":100},"functions":{"total":2,"covered":2,"skipped":0,"pct":100},"statements":{"total":40,"covered":40,"skipped":0,"pct":100},"branches":{"total":17,"covered":17,"skipped":0,"pct":100}}
,"D:\\Files\\development\\twische\\web\\src\\lib\\localrepo.ts": {"lines":{"total":327,"covered":327,"skipped":0,"pct":100},"functions":{"total":32,"covered":32,"skipped":0,"pct":100},"statements":{"total":327,"covered":327,"skipped":0,"pct":100},"branches":{"total":137,"covered":137,"skipped":0,"pct":100}}
,"D:\\Files\\development\\twische\\web\\src\\lib\\plain.ts": {"lines":{"total":5,"covered":5,"skipped":0,"pct":100},"functions":{"total":1,"covered":1,"skipped":0,"pct":100},"statements":{"total":5,"covered":5,"skipped":0,"pct":100},"branches":{"total":7,"covered":7,"skipped":0,"pct":100}}
,"D:\\Files\\development\\twische\\web\\src\\lib\\sync.ts": {"lines":{"total":253,"covered":253,"skipped":0,"pct":100},"functions":{"total":13,"covered":13,"skipped":0,"pct":100},"statements":{"total":253,"covered":253,"skipped":0,"pct":100},"branches":{"total":79,"covered":79,"skipped":0,"pct":100}}
,"D:\\Files\\development\\twische\\web\\src\\lib\\types.ts": {"lines":{"total":18,"covered":18,"skipped":0,"pct":100},"functions":{"total":1,"covered":1,"skipped":0,"pct":100},"statements":{"total":18,"covered":18,"skipped":0,"pct":100},"branches":{"total":1,"covered":1,"skipped":0,"pct":100}}
,"D:\\Files\\development\\twische\\web\\src\\stores\\editor.ts": {"lines":{"total":114,"covered":114,"skipped":0,"pct":100},"functions":{"total":14,"covered":14,"skipped":0,"pct":100},"statements":{"total":114,"covered":114,"skipped":0,"pct":100},"branches":{"total":46,"covered":46,"skipped":0,"pct":100}}
,"D:\\Files\\development\\twische\\web\\src\\stores\\session.ts": {"lines":{"total":356,"covered":356,"skipped":0,"pct":100},"functions":{"total":23,"covered":23,"skipped":0,"pct":100},"statements":{"total":356,"covered":356,"skipped":0,"pct":100},"branches":{"total":141,"covered":141,"skipped":0,"pct":100}}
,"D:\\Files\\development\\twische\\web\\src\\stores\\tasks.ts": {"lines":{"total":260,"covered":260,"skipped":0,"pct":100},"functions":{"total":34,"covered":34,"skipped":0,"pct":100},"statements":{"total":260,"covered":260,"skipped":0,"pct":100},"branches":{"total":133,"covered":133,"skipped":0,"pct":100}}
,"D:\\Files\\development\\twische\\web\\src\\stores\\ui.ts": {"lines":{"total":147,"covered":147,"skipped":0,"pct":100},"functions":{"total":17,"covered":17,"skipped":0,"pct":100},"statements":{"total":147,"covered":147,"skipped":0,"pct":100},"branches":{"total":66,"covered":66,"skipped":0,"pct":100}}
}
